Log file open, 11/22/16 00:44:46
LogInit:Display: Running engine for game: Printer_Jam
LogPlatformFile: Not using cached read wrapper
LogInit:Display: RandInit(-82025228) SRandInit(-82025228).
LogTaskGraph: Started task graph with 5 named threads and 8 total threads with 1 sets of task threads.
LogStats: Stats thread started at 0.065140
LogPluginManager: Loaded Plugin Paper2D, From C:/Program Files (x86)/Epic Games/4.13/Engine/Plugins/2D/Paper2D/Paper2D.uplugin
LogPluginManager: Loaded Plugin LightPropagationVolume, From C:/Program Files (x86)/Epic Games/4.13/Engine/Plugins/Blendables/LightPropagationVolume/LightPropagationVolume.uplugin
LogPluginManager: Loaded Plugin BlankPlugin, From C:/Program Files (x86)/Epic Games/4.13/Engine/Plugins/Developer/BlankPlugin/BlankPlugin.uplugin
LogPluginManager: Loaded Plugin CodeLiteSourceCodeAccess, From C:/Program Files (x86)/Epic Games/4.13/Engine/Plugins/Developer/CodeLiteSourceCodeAccess/CodeLiteSourceCodeAccess.uplugin
LogPluginManager: Loaded Plugin GitSourceControl, From C:/Program Files (x86)/Epic Games/4.13/Engine/Plugins/Developer/GitSourceControl/GitSourceControl.uplugin
LogPluginManager: Loaded Plugin KDevelopSourceCodeAccess, From C:/Program Files (x86)/Epic Games/4.13/Engine/Plugins/Developer/KDevelopSourceCodeAccess/KDevelopSourceCodeAccess.uplugin
LogPluginManager: Loaded Plugin NullSourceCodeAccess, From C:/Program Files (x86)/Epic Games/4.13/Engine/Plugins/Developer/NullSourceCodeAccess/NullSourceCodeAccess.uplugin
LogPluginManager: Loaded Plugin OneSkyLocalizationService, From C:/Program Files (x86)/Epic Games/4.13/Engine/Plugins/Developer/OneSkyLocalizationService/OneSkyLocalizationService.uplugin
LogPluginManager: Loaded Plugin PerforceSourceControl, From C:/Program Files (x86)/Epic Games/4.13/Engine/Plugins/Developer/PerforceSourceControl/PerforceSourceControl.uplugin
LogPluginManager: Loaded Plugin SubversionSourceControl, From C:/Program Files (x86)/Epic Games/4.13/Engine/Plugins/Developer/SubversionSourceControl/SubversionSourceControl.uplugin
LogPluginManager: Loaded Plugin UObjectPlugin, From C:/Program Files (x86)/Epic Games/4.13/Engine/Plugins/Developer/UObjectPlugin/UObjectPlugin.uplugin
LogPluginManager: Loaded Plugin VisualStudioSourceCodeAccess, From C:/Program Files (x86)/Epic Games/4.13/Engine/Plugins/Developer/VisualStudioSourceCodeAccess/VisualStudioSourceCodeAccess.uplugin
LogPluginManager: Loaded Plugin XCodeSourceCodeAccess, From C:/Program Files (x86)/Epic Games/4.13/Engine/Plugins/Developer/XCodeSourceCodeAccess/XCodeSourceCodeAccess.uplugin
LogPluginManager: Loaded Plugin EpicSurvey, From C:/Program Files (x86)/Epic Games/4.13/Engine/Plugins/Editor/EpicSurvey/EpicSurvey.uplugin
LogPluginManager: Loaded Plugin MacGraphicsSwitching, From C:/Program Files (x86)/Epic Games/4.13/Engine/Plugins/Editor/MacGraphicsSwitching/MacGraphicsSwitching.uplugin
LogPluginManager: Loaded Plugin MobileLauncherProfileWizard, From C:/Program Files (x86)/Epic Games/4.13/Engine/Plugins/Editor/MobileLauncherProfileWizard/MobileLauncherProfileWizard.uplugin
LogPluginManager: Loaded Plugin PluginBrowser, From C:/Program Files (x86)/Epic Games/4.13/Engine/Plugins/Editor/PluginBrowser/PluginBrowser.uplugin
LogPluginManager: Loaded Plugin SpeedTreeImporter, From C:/Program Files (x86)/Epic Games/4.13/Engine/Plugins/Editor/SpeedTreeImporter/SpeedTreeImporter.uplugin
LogPluginManager: Loaded Plugin SuperSearchEditor, From C:/Program Files (x86)/Epic Games/4.13/Engine/Plugins/Editor/SuperSearchEditor/SuperSearchEditor.uplugin
LogPluginManager: Loaded Plugin AlembicImporter, From C:/Program Files (x86)/Epic Games/4.13/Engine/Plugins/Experimental/AlembicImporter/AlembicImporter.uplugin
LogPluginManager: Loaded Plugin BlueprintStats, From C:/Program Files (x86)/Epic Games/4.13/Engine/Plugins/Experimental/BlueprintStats/BlueprintStats.uplugin
LogPluginManager: Loaded Plugin CharacterAI, From C:/Program Files (x86)/Epic Games/4.13/Engine/Plugins/Experimental/CharacterAI/CharacterAI.uplugin
LogPluginManager: Loaded Plugin CodeEditor, From C:/Program Files (x86)/Epic Games/4.13/Engine/Plugins/Experimental/CodeEditor/CodeEditor.uplugin
LogPluginManager: Loaded Plugin CodeView, From C:/Program Files (x86)/Epic Games/4.13/Engine/Plugins/Experimental/CodeView/CodeView.uplugin
LogPluginManager: Loaded Plugin HTML5Networking, From C:/Program Files (x86)/Epic Games/4.13/Engine/Plugins/Experimental/HTML5Networking/HTML5Networking.uplugin
LogPluginManager: Loaded Plugin LiveEditor, From C:/Program Files (x86)/Epic Games/4.13/Engine/Plugins/Experimental/LiveEditor/LiveEditor.uplugin
LogPluginManager: Loaded Plugin OSVR, From C:/Program Files (x86)/Epic Games/4.13/Engine/Plugins/Experimental/OSVR/OSVR.uplugin
LogPluginManager: Loaded Plugin Phya, From C:/Program Files (x86)/Epic Games/4.13/Engine/Plugins/Experimental/Phya/Phya.uplugin
LogPluginManager: Loaded Plugin SignificanceManager, From C:/Program Files (x86)/Epic Games/4.13/Engine/Plugins/Experimental/SignificanceManager/SignificanceManager.uplugin
LogPluginManager: Loaded Plugin SimpleHMD, From C:/Program Files (x86)/Epic Games/4.13/Engine/Plugins/Experimental/SimpleHMD/SimpleHMD.uplugin
LogPluginManager: Loaded Plugin StereoPanorama, From C:/Program Files (x86)/Epic Games/4.13/Engine/Plugins/Experimental/StereoPanorama/StereoPanorama.uplugin
LogPluginManager: Loaded Plugin StructBox, From C:/Program Files (x86)/Epic Games/4.13/Engine/Plugins/Experimental/StructBox/StructBox.uplugin
LogPluginManager: Loaded Plugin AndroidMedia, From C:/Program Files (x86)/Epic Games/4.13/Engine/Plugins/Media/AndroidMedia/AndroidMedia.uplugin
LogPluginManager: Loaded Plugin AvfMedia, From C:/Program Files (x86)/Epic Games/4.13/Engine/Plugins/Media/AvfMedia/AvfMedia.uplugin
LogPluginManager: Loaded Plugin MediaPlayerEditor, From C:/Program Files (x86)/Epic Games/4.13/Engine/Plugins/Media/MediaPlayerEditor/MediaPlayerEditor.uplugin
LogPluginManager: Loaded Plugin WmfMedia, From C:/Program Files (x86)/Epic Games/4.13/Engine/Plugins/Media/WmfMedia/WmfMedia.uplugin
LogPluginManager: Loaded Plugin MessagingDebugger, From C:/Program Files (x86)/Epic Games/4.13/Engine/Plugins/Messaging/MessagingDebugger/MessagingDebugger.uplugin
LogPluginManager: Loaded Plugin TcpMessaging, From C:/Program Files (x86)/Epic Games/4.13/Engine/Plugins/Messaging/TcpMessaging/TcpMessaging.uplugin
LogPluginManager: Loaded Plugin UdpMessaging, From C:/Program Files (x86)/Epic Games/4.13/Engine/Plugins/Messaging/UdpMessaging/UdpMessaging.uplugin
LogPluginManager: Loaded Plugin LevelSequenceEditor, From C:/Program Files (x86)/Epic Games/4.13/Engine/Plugins/MovieScene/LevelSequenceEditor/LevelSequenceEditor.uplugin
LogPluginManager: Loaded Plugin MatineeToLevelSequence, From C:/Program Files (x86)/Epic Games/4.13/Engine/Plugins/MovieScene/MatineeToLevelSequence/MatineeToLevelSequence.uplugin
LogPluginManager: Loaded Plugin NetcodeUnitTest, From C:/Program Files (x86)/Epic Games/4.13/Engine/Plugins/NetcodeUnitTest/NetcodeUnitTest/NetcodeUnitTest.uplugin
LogPluginManager: Loaded Plugin NUTUnrealEngine4, From C:/Program Files (x86)/Epic Games/4.13/Engine/Plugins/NetcodeUnitTest/NUTUnrealEngine4/NUTUnrealEngine4.uplugin
LogPluginManager: Loaded Plugin OnlineSubsystemGooglePlay, From C:/Program Files (x86)/Epic Games/4.13/Engine/Plugins/Online/Android/OnlineSubsystemGooglePlay/OnlineSubsystemGooglePlay.uplugin
LogPluginManager: Loaded Plugin OnlineSubsystemIOS, From C:/Program Files (x86)/Epic Games/4.13/Engine/Plugins/Online/IOS/OnlineSubsystemIOS/OnlineSubsystemIOS.uplugin
LogPluginManager: Loaded Plugin OnlineFramework, From C:/Program Files (x86)/Epic Games/4.13/Engine/Plugins/Online/OnlineFramework/OnlineFramework.uplugin
LogPluginManager: Loaded Plugin OnlineSubsystem, From C:/Program Files (x86)/Epic Games/4.13/Engine/Plugins/Online/OnlineSubsystem/OnlineSubsystem.uplugin
LogPluginManager: Loaded Plugin OnlineSubsystemAmazon, From C:/Program Files (x86)/Epic Games/4.13/Engine/Plugins/Online/OnlineSubsystemAmazon/OnlineSubsystemAmazon.uplugin
LogPluginManager: Loaded Plugin OnlineSubsystemFacebook, From C:/Program Files (x86)/Epic Games/4.13/Engine/Plugins/Online/OnlineSubsystemFacebook/OnlineSubsystemFacebook.uplugin
LogPluginManager: Loaded Plugin OnlineSubsystemNull, From C:/Program Files (x86)/Epic Games/4.13/Engine/Plugins/Online/OnlineSubsystemNull/OnlineSubsystemNull.uplugin
LogPluginManager: Loaded Plugin OnlineSubsystemOculus, From C:/Program Files (x86)/Epic Games/4.13/Engine/Plugins/Online/OnlineSubsystemOculus/OnlineSubsystemOculus.uplugin
LogPluginManager: Loaded Plugin OnlineSubsystemSteam, From C:/Program Files (x86)/Epic Games/4.13/Engine/Plugins/Online/OnlineSubsystemSteam/OnlineSubsystemSteam.uplugin
LogPluginManager: Loaded Plugin OnlineSubsystemUtils, From C:/Program Files (x86)/Epic Games/4.13/Engine/Plugins/Online/OnlineSubsystemUtils/OnlineSubsystemUtils.uplugin
LogPluginManager: Loaded Plugin IOSTapJoy, From C:/Program Files (x86)/Epic Games/4.13/Engine/Plugins/Runtime/Advertising/IOSTapJoy/IOSTapJoy.uplugin
LogPluginManager: Loaded Plugin AnalyticsBlueprintLibrary, From C:/Program Files (x86)/Epic Games/4.13/Engine/Plugins/Runtime/Analytics/AnalyticsBlueprintLibrary/AnalyticsBlueprintLibrary.uplugin
LogPluginManager: Loaded Plugin AnalyticsMulticast, From C:/Program Files (x86)/Epic Games/4.13/Engine/Plugins/Runtime/Analytics/AnalyticsMulticast/AnalyticsMulticast.uplugin
LogPluginManager: Loaded Plugin Apsalar, From C:/Program Files (x86)/Epic Games/4.13/Engine/Plugins/Runtime/Analytics/Apsalar/Apsalar.uplugin
LogPluginManager: Loaded Plugin FileLogging, From C:/Program Files (x86)/Epic Games/4.13/Engine/Plugins/Runtime/Analytics/FileLogging/FileLogging.uplugin
LogPluginManager: Loaded Plugin Flurry, From C:/Program Files (x86)/Epic Games/4.13/Engine/Plugins/Runtime/Analytics/Flurry/Flurry.uplugin
LogPluginManager: Loaded Plugin AndroidDeviceProfileSelector, From C:/Program Files (x86)/Epic Games/4.13/Engine/Plugins/Runtime/AndroidDeviceProfileSelector/AndroidDeviceProfileSelector.uplugin
LogPluginManager: Loaded Plugin AndroidMoviePlayer, From C:/Program Files (x86)/Epic Games/4.13/Engine/Plugins/Runtime/AndroidMoviePlayer/AndroidMoviePlayer.uplugin
LogPluginManager: Loaded Plugin AppleMoviePlayer, From C:/Program Files (x86)/Epic Games/4.13/Engine/Plugins/Runtime/AppleMoviePlayer/AppleMoviePlayer.uplugin
LogPluginManager: Loaded Plugin ArchVisCharacter, From C:/Program Files (x86)/Epic Games/4.13/Engine/Plugins/Runtime/ArchVisCharacter/ArchVisCharacter.uplugin
LogPluginManager: Loaded Plugin CableComponent, From C:/Program Files (x86)/Epic Games/4.13/Engine/Plugins/Runtime/CableComponent/CableComponent.uplugin
LogPluginManager: Loaded Plugin CustomMeshComponent, From C:/Program Files (x86)/Epic Games/4.13/Engine/Plugins/Runtime/CustomMeshComponent/CustomMeshComponent.uplugin
LogPluginManager: Loaded Plugin ExampleDeviceProfileSelector, From C:/Program Files (x86)/Epic Games/4.13/Engine/Plugins/Runtime/ExampleDeviceProfileSelector/ExampleDeviceProfileSelector.uplugin
LogPluginManager: Loaded Plugin GearVR, From C:/Program Files (x86)/Epic Games/4.13/Engine/Plugins/Runtime/GearVR/GearVR.uplugin
LogPluginManager: Loaded Plugin GoogleVRController, From C:/Program Files (x86)/Epic Games/4.13/Engine/Plugins/Runtime/GoogleVR/GoogleVRController/GoogleVRController.uplugin
LogPluginManager: Loaded Plugin GoogleVRHMD, From C:/Program Files (x86)/Epic Games/4.13/Engine/Plugins/Runtime/GoogleVR/GoogleVRHMD/GoogleVRHMD.uplugin
LogPluginManager: Loaded Plugin IOSDeviceProfileSelector, From C:/Program Files (x86)/Epic Games/4.13/Engine/Plugins/Runtime/IOSDeviceProfileSelector/IOSDeviceProfileSelector.uplugin
LogPluginManager: Loaded Plugin LeapMotion, From C:/Program Files (x86)/Epic Games/4.13/Engine/Plugins/Runtime/LeapMotion/LeapMotion.uplugin
LogPluginManager: Loaded Plugin LinuxDeviceProfileSelector, From C:/Program Files (x86)/Epic Games/4.13/Engine/Plugins/Runtime/LinuxDeviceProfileSelector/LinuxDeviceProfileSelector.uplugin
LogPluginManager: Loaded Plugin LiveEditorListenServer, From C:/Program Files (x86)/Epic Games/4.13/Engine/Plugins/Runtime/LiveEditorListenServer/LiveEditorListenServer.uplugin
LogPluginManager: Loaded Plugin OculusAudio, From C:/Program Files (x86)/Epic Games/4.13/Engine/Plugins/Runtime/OculusAudio/OculusAudio.uplugin
LogPluginManager: Loaded Plugin OculusInput, From C:/Program Files (x86)/Epic Games/4.13/Engine/Plugins/Runtime/OculusInput/OculusInput.uplugin
LogPluginManager: Loaded Plugin OculusLibrary, From C:/Program Files (x86)/Epic Games/4.13/Engine/Plugins/Runtime/OculusLibrary/OculusLibrary.uplugin
LogPluginManager: Loaded Plugin OculusRift, From C:/Program Files (x86)/Epic Games/4.13/Engine/Plugins/Runtime/OculusRift/OculusRift.uplugin
LogPluginManager: Loaded Plugin Oodle, From C:/Program Files (x86)/Epic Games/4.13/Engine/Plugins/Runtime/PacketHandlers/CompressionComponents/Oodle/Oodle.uplugin
LogPluginManager: Loaded Plugin ProceduralMeshComponent, From C:/Program Files (x86)/Epic Games/4.13/Engine/Plugins/Runtime/ProceduralMeshComponent/ProceduralMeshComponent.uplugin
LogPluginManager: Loaded Plugin SoundMod, From C:/Program Files (x86)/Epic Games/4.13/Engine/Plugins/Runtime/SoundMod/SoundMod.uplugin
LogPluginManager: Loaded Plugin SoundVisualizations, From C:/Program Files (x86)/Epic Games/4.13/Engine/Plugins/Runtime/SoundVisualizations/SoundVisualizations.uplugin
LogPluginManager: Loaded Plugin SteamController, From C:/Program Files (x86)/Epic Games/4.13/Engine/Plugins/Runtime/Steam/SteamController/SteamController.uplugin
LogPluginManager: Loaded Plugin SteamVR, From C:/Program Files (x86)/Epic Games/4.13/Engine/Plugins/Runtime/Steam/SteamVR/SteamVR.uplugin
LogPluginManager: Loaded Plugin WebBrowserWidget, From C:/Program Files (x86)/Epic Games/4.13/Engine/Plugins/Runtime/WebBrowserWidget/WebBrowserWidget.uplugin
LogPluginManager: Loaded Plugin WindowsDeviceProfileSelector, From C:/Program Files (x86)/Epic Games/4.13/Engine/Plugins/Runtime/WindowsDeviceProfileSelector/WindowsDeviceProfileSelector.uplugin
LogPluginManager: Loaded Plugin WindowsMoviePlayer, From C:/Program Files (x86)/Epic Games/4.13/Engine/Plugins/Runtime/WindowsMoviePlayer/WindowsMoviePlayer.uplugin
LogPluginManager: Loaded Plugin ScriptPlugin, From C:/Program Files (x86)/Epic Games/4.13/Engine/Plugins/ScriptPlugin/ScriptPlugin.uplugin
LogPluginManager: Loaded Plugin SlateRemote, From C:/Program Files (x86)/Epic Games/4.13/Engine/Plugins/Slate/SlateRemote/SlateRemote.uplugin
LogInit: Using libcurl 7.47.1
LogInit:  - built for x86_64-pc-win32
LogInit:  - supports SSL with WinSSL
LogInit:  - other features:
LogInit:      CURL_VERSION_SSL
LogInit:      CURL_VERSION_IPV6
LogInit:      CURL_VERSION_ASYNCHDNS
LogInit:      CURL_VERSION_LARGEFILE
LogInit:      CURL_VERSION_IDN
LogInit:  CurlRequestOptions (configurable via config and command line):
LogInit:  - bVerifyPeer = false  - Libcurl will NOT verify peer certificate
LogInit:  - bUseHttpProxy = false  - Libcurl will NOT use HTTP proxy
LogInit:  - bDontReuseConnections = false  - Libcurl will reuse connections
LogInit:  - CertBundlePath = nullptr  - Libcurl will use whatever was configured at build time.
LogInit: Build: ++UE4+Release-4.13-CL-3172292
LogInit: Engine Version: 4.13.2-3172292+++UE4+Release-4.13
LogInit: Compatible Engine Version: 4.13.0-3106830+++UE4+Release-4.13
LogInit: Net CL: 3172292
LogDevObjectVersion: Number of dev versions registered: 13
LogDevObjectVersion:   Dev-Blueprints (B0D832E4-1F89-4F0D-ACCF-7EB736FD4AA2): 5
LogDevObjectVersion:   Dev-Build (E1C64328-A22C-4D53-A36C-8E866417BD8C): 0
LogDevObjectVersion:   Dev-Core (375EC13C-06E4-48FB-B500-84F0262A717E): 1
LogDevObjectVersion:   Dev-Editor (E4B068ED-F494-42E9-A231-DA0B2E46BB41): 6
LogDevObjectVersion:   Dev-Framework (CFFC743F-43B0-4480-9391-14DF171D2073): 12
LogDevObjectVersion:   Dev-Mobile (B02B49B5-BB20-44E9-A304-32B752E40360): 0
LogDevObjectVersion:   Dev-Networking (A4E4105C-59A1-49B5-A7C5-40C4547EDFEE): 0
LogDevObjectVersion:   Dev-Online (39C831C9-5AE6-47DC-9A44-9C173E1C8E7C): 0
LogDevObjectVersion:   Dev-Physics (78F01B33-EBEA-4F98-B9B4-84EACCB95AA2): 0
LogDevObjectVersion:   Dev-Platform (6631380F-2D4D-43E0-8009-CF276956A95A): 0
LogDevObjectVersion:   Dev-Rendering (12F88B9F-8875-4AFC-A67C-D90C383ABD29): 4
LogDevObjectVersion:   Dev-Sequencer (7B5AE74C-D270-4C10-A958-57980B212A5A): 0
LogDevObjectVersion:   Dev-VR (D7296918-1DD6-4BDD-9DE2-64A83CC13884): 0
LogInit: Compiled (64-bit): Oct 24 2016 14:29:06
LogInit: Compiled with Visual C++: 19.00.23026.00
LogInit: Build Configuration: Development
LogInit: Branch Name: ++UE4+Release-4.13
LogInit: Command line:  
LogInit: Base directory: C:/Program Files (x86)/Epic Games/4.13/Engine/Binaries/Win64/
LogInit: Installed Engine Build: 1
LogInit: Presizing for max 8388607 objects, including 0 objects not considered by GC, pre-allocating 0 bytes for permanent pool.
LogInit: Object subsystem initialized
[2016.11.22-07.44.46:802][  0]LogInit: Selected Device Profile: [Windows]
[2016.11.22-07.44.46:802][  0]LogInit: Applying CVar settings loaded from the selected device profile: [Windows]
[2016.11.22-07.44.46:815][  0]LogInit: Computer: DESKTOP-6MM24F4
[2016.11.22-07.44.46:815][  0]LogInit: User: Quinn
[2016.11.22-07.44.46:815][  0]LogInit: CPU Page size=65536, Cores=4
[2016.11.22-07.44.46:815][  0]LogInit: High frequency timer resolution =3.421875 MHz
[2016.11.22-07.44.46:815][  0]LogMemory: Memory total: Physical=15.9GB (16GB approx)
[2016.11.22-07.44.46:815][  0]LogMemory: Platform Memory Stats for Windows
[2016.11.22-07.44.46:815][  0]LogMemory: Process Physical Memory: 256.12 MB used, 256.12 MB peak
[2016.11.22-07.44.46:815][  0]LogMemory: Process Virtual Memory: 259.79 MB used, 259.79 MB peak
[2016.11.22-07.44.46:815][  0]LogMemory: Physical Memory: 3834.34 MB used, 16314.00 MB total
[2016.11.22-07.44.46:815][  0]LogMemory: Virtual Memory: 622.08 MB used, 134217728.00 MB total
[2016.11.22-07.44.46:837][  0]LogTextLocalizationManager: No specific translations for ('en-US') exist, so ('en') translations will be used.
[2016.11.22-07.44.47:295][  0]LogD3D11RHI: D3D11 adapters:
[2016.11.22-07.44.47:313][  0]LogD3D11RHI:    0. 'AMD Radeon (TM) R9 390 Series' (Feature Level 11_0)
[2016.11.22-07.44.47:313][  0]LogD3D11RHI:       8169/0/8157 MB DedicatedVideo/DedicatedSystem/SharedSystem, Outputs:2, VendorId:0x1002
[2016.11.22-07.44.47:314][  0]LogD3D11RHI:    1. 'Microsoft Basic Render Driver' (Feature Level 11_0)
[2016.11.22-07.44.47:314][  0]LogD3D11RHI:       0/0/8157 MB DedicatedVideo/DedicatedSystem/SharedSystem, Outputs:0, VendorId:0x1414
[2016.11.22-07.44.47:314][  0]LogD3D11RHI: Chosen D3D11 Adapter: 0
[2016.11.22-07.44.47:317][  0]LogD3D11RHI: Creating new Direct3DDevice
[2016.11.22-07.44.47:317][  0]LogD3D11RHI:     GPU DeviceId: 0x67b1 (for the marketing name, search the web for "GPU Device Id")
[2016.11.22-07.44.47:317][  0]LogWindows: EnumDisplayDevices:
[2016.11.22-07.44.47:317][  0]LogWindows:    0. 'AMD Radeon (TM) R9 390 Series' (P:1 D:1)
[2016.11.22-07.44.47:318][  0]LogWindows:    1. 'AMD Radeon (TM) R9 390 Series' (P:0 D:1)
[2016.11.22-07.44.47:318][  0]LogWindows:    2. 'AMD Radeon (TM) R9 390 Series' (P:0 D:0)
[2016.11.22-07.44.47:318][  0]LogWindows:    3. 'AMD Radeon (TM) R9 390 Series' (P:0 D:0)
[2016.11.22-07.44.47:318][  0]LogWindows:    4. 'AMD Radeon (TM) R9 390 Series' (P:0 D:0)
[2016.11.22-07.44.47:318][  0]LogWindows:    5. 'AMD Radeon (TM) R9 390 Series' (P:0 D:0)
[2016.11.22-07.44.47:319][  0]LogWindows: DebugString: FoundDriverCount:6 
[2016.11.22-07.44.47:319][  0]LogD3D11RHI:     Adapter Name: AMD Radeon (TM) R9 390 Series
[2016.11.22-07.44.47:319][  0]LogD3D11RHI:   Driver Version: Crimson 16.11.2 (internal:21.19.160.512, unified:21.19.160.512)
[2016.11.22-07.44.47:319][  0]LogD3D11RHI:      Driver Date: 11-3-2016
[2016.11.22-07.44.47:319][  0]LogRHI: Texture pool is 1361 MB (70% of 1945 MB)
[2016.11.22-07.44.47:326][  0]LogD3D11RHI: Async texture creation enabled
[2016.11.22-07.44.47:338][  0]LogD3D11RHI: GPU Timing Frequency: 27.000000 (Debug: 2 1)
[2016.11.22-07.44.47:339][  0]LogShaderCompilers: Guid format shader working directory is -47 characters bigger than the processId version (../../../../../../Users/Quinn/Documents/Unreal Projects/Printer_Jam 4.13 (2)/Printer_Jam 4.13/Intermediate/Shaders/WorkingDirectory/9044/).
[2016.11.22-07.44.47:339][  0]LogShaderCompilers: Cleaned the shader compiler working directory 'C:/Users/Quinn/AppData/Local/Temp/UnrealShaderWorkingDir/EEED6F844318AB275CED4599D39C3C97/'.
[2016.11.22-07.44.47:339][  0]LogShaderCompilers:Display: Using Local Shader Compiler.
[2016.11.22-07.44.48:079][  0]LogTemp:Display: Loaded TP AllDesktopTargetPlatform
[2016.11.22-07.44.48:086][  0]LogTemp:Display: Loaded TP WindowsClientTargetPlatform
[2016.11.22-07.44.48:092][  0]LogTemp:Display: Loaded TP WindowsNoEditorTargetPlatform
[2016.11.22-07.44.48:098][  0]LogTemp:Display: Loaded TP WindowsServerTargetPlatform
[2016.11.22-07.44.48:105][  0]LogTemp:Display: Loaded TP WindowsTargetPlatform
[2016.11.22-07.44.48:110][  0]LogTemp:Display: Loaded TP AndroidTargetPlatform
[2016.11.22-07.44.48:115][  0]LogTemp:Display: Loaded TP Android_ASTCTargetPlatform
[2016.11.22-07.44.48:120][  0]LogTemp:Display: Loaded TP Android_ATCTargetPlatform
[2016.11.22-07.44.48:125][  0]LogTemp:Display: Loaded TP Android_DXTTargetPlatform
[2016.11.22-07.44.48:130][  0]LogTemp:Display: Loaded TP Android_ETC1TargetPlatform
[2016.11.22-07.44.48:135][  0]LogTemp:Display: Loaded TP Android_ETC2TargetPlatform
[2016.11.22-07.44.48:147][  0]LogTemp:Display: Loaded TP Android_MultiTargetPlatform
[2016.11.22-07.44.48:147][  0]LogTemp:Display: Loaded TP Android_PVRTCTargetPlatform
[2016.11.22-07.44.48:147][  0]LogTemp:Display: Loaded TP HTML5TargetPlatform
[2016.11.22-07.44.48:166][  0]LogTemp:Display: Loaded TP IOSTargetPlatform
[2016.11.22-07.44.48:171][  0]LogTemp:Display: Loaded TP TVOSTargetPlatform
[2016.11.22-07.44.48:176][  0]LogTemp:Display: Loaded TP LinuxClientTargetPlatform
[2016.11.22-07.44.48:181][  0]LogTemp:Display: Loaded TP LinuxNoEditorTargetPlatform
[2016.11.22-07.44.48:186][  0]LogTemp:Display: Loaded TP LinuxServerTargetPlatform
[2016.11.22-07.44.48:191][  0]LogTemp:Display: Loaded TP LinuxTargetPlatform
[2016.11.22-07.44.48:191][  0]LogTargetPlatformManager:Display: Building Assets For Windows
[2016.11.22-07.44.48:242][  0]LogDerivedDataCache:Display: Max Cache Size: 512 MB
[2016.11.22-07.44.48:287][  0]LogDerivedDataCache: Loaded boot cache 0.05s 62MB C:/Users/Quinn/AppData/Local/UnrealEngine/4.13/DerivedDataCache/Boot.ddc.
[2016.11.22-07.44.48:287][  0]LogDerivedDataCache:Display: Loaded Boot cache: C:/Users/Quinn/AppData/Local/UnrealEngine/4.13/DerivedDataCache/Boot.ddc
[2016.11.22-07.44.48:288][  0]LogDerivedDataCache: FDerivedDataBackendGraph:  Pak pak cache file ../../../../../../Users/Quinn/Documents/Unreal Projects/Printer_Jam 4.13 (2)/Printer_Jam 4.13/DerivedDataCache/DDC.ddp not found, will not use a pak cache.
[2016.11.22-07.44.48:288][  0]LogDerivedDataCache: Unable to find inner node Pak for hierarchical cache Hierarchy.
[2016.11.22-07.44.48:288][  0]LogDerivedDataCache: FDerivedDataBackendGraph:  CompressedPak pak cache file ../../../../../../Users/Quinn/Documents/Unreal Projects/Printer_Jam 4.13 (2)/Printer_Jam 4.13/DerivedDataCache/Compressed.ddp not found, will not use a pak cache.
[2016.11.22-07.44.48:288][  0]LogDerivedDataCache: Unable to find inner node CompressedPak for hierarchical cache Hierarchy.
[2016.11.22-07.44.48:301][  0]LogDerivedDataCache:Display: Pak cache opened for reading ../../../Engine/DerivedDataCache/Compressed.ddp.
[2016.11.22-07.44.48:313][  0]LogDerivedDataCache: Using Local data cache path C:/Users/Quinn/AppData/Local/UnrealEngine/Common/DerivedDataCache: Writable
[2016.11.22-07.44.48:460][  0]LogInit: Selected Device Profile: [Windows]
[2016.11.22-07.44.48:462][  0]LogContentStreaming: Texture pool size is 0.00 MB
[2016.11.22-07.44.48:530][  0]LogMeshUtilities: No automatic mesh reduction module available
[2016.11.22-07.44.48:530][  0]LogMeshUtilities: No automatic mesh merging module available
[2016.11.22-07.44.48:530][  0]LogMeshUtilities: No distributed automatic mesh merging module available
[2016.11.22-07.44.48:581][  0]LogMaterial: Uniform references updated for custom material expression Custom.
[2016.11.22-07.44.48:677][  0]LogLinker:Warning: Can't find file '/Engine/EngineSky/EpicQuadPanorama_CC+EV1'
[2016.11.22-07.44.48:677][  0]LogLinker: Can't find file '/Engine/EngineSky/EpicQuadPanorama_CC+EV1'
[2016.11.22-07.44.48:842][  0]LogNetVersion: GetLocalNetworkVersion: CL: 3106830, ProjectName: printer_jam, ProjectVersion: , EngineNetworkVersion: 1, GameNetworkVersion: 0, NetworkChecksum: 3042681793
[2016.11.22-07.44.48:875][  0]LogAssetRegistry: FAssetRegistry took 0.0222 seconds to start up
[2016.11.22-07.44.48:904][  0]LogPackageLocalizationCache: Processed 3 localized package path(s) for 2 prioritized culture(s) in 0.027166 seconds
[2016.11.22-07.44.48:908][  0]LogUObjectArray: 29779 objects as part of root set at end of initial load.
[2016.11.22-07.44.48:908][  0]LogUObjectAllocator: 6125816 out of 0 bytes used by permanent object pool.
[2016.11.22-07.44.48:908][  0]LogUObjectArray: CloseDisregardForGC: 0/0 objects in disregard for GC pool
[2016.11.22-07.44.48:914][  0]LogInit: WinSock: version 1.1 (2.2), MaxSocks=32767, MaxUdp=65467
[2016.11.22-07.44.49:081][  0]LogSlate: SlateFontCache - WITH_FREETYPE: 1, WITH_HARFBUZZ: 1
[2016.11.22-07.44.49:081][  0]LogSlate: SlateFontCache - WITH_FREETYPE: 1, WITH_HARFBUZZ: 1
[2016.11.22-07.44.49:580][  0]LogTcpMessaging: Initializing TcpMessaging bridge
[2016.11.22-07.44.49:597][  0]LogUdpMessaging: Initializing bridge on interface 0.0.0.0:0 to multicast group 230.0.0.1:6666.
[2016.11.22-07.44.49:787][  0]SourceControl: Info Source control is disabled
[2016.11.22-07.44.49:787][  0]SourceControl: Info Source control is disabled
[2016.11.22-07.44.49:794][  0]SourceControl: Info Source control is disabled
[2016.11.22-07.44.49:799][  0]SourceControl: Info Source control is disabled
[2016.11.22-07.44.49:997][  0]LogEngine: Initializing Engine...
[2016.11.22-07.44.49:998][  0]LogHMD: Failed to initialize OpenVR with code 110
[2016.11.22-07.44.50:111][  0]LogAIModule: Creating AISystem for world Untitled
[2016.11.22-07.44.50:129][  0]LogInit: XAudio2 using 'Speakers (Realtek High Definition Audio)' : 2 channels at 48 kHz using 32 bits per sample (channel mask 0x3)
[2016.11.22-07.44.50:204][  0]LogInit: FAudioDevice initialized.
[2016.11.22-07.44.50:230][  0]LogDerivedDataCache: Saved boot cache 0.03s 62MB C:/Users/Quinn/AppData/Local/UnrealEngine/4.13/DerivedDataCache/Boot.ddc.
[2016.11.22-07.44.50:238][  0]LogInit: Texture streaming: Enabled
[2016.11.22-07.44.50:259][  0]LogInit: Transaction tracking system initialized
[2016.11.22-07.44.50:275][  0]BlueprintLog: New page: Editor Load
[2016.11.22-07.44.50:330][  0]LocalizationService: Info Localization service is disabled
[2016.11.22-07.44.50:388][  0]LogConsoleResponse:Display: 
[2016.11.22-07.44.50:478][  0]LogCook:Display: Max memory allowance for cook 16384mb min free memory 0mb
[2016.11.22-07.44.50:478][  0]LogCook:Display: Mobile HDR setting 1
[2016.11.22-07.44.50:585][  0]LogFileCache: Scanning file cache for directory 'C:/Users/Quinn/Documents/Unreal Projects/Printer_Jam 4.13 (2)/Printer_Jam 4.13/Content/' took 0.02s
[2016.11.22-07.44.50:585][  0]SourceControl: Info Source control is disabled
[2016.11.22-07.44.50:585][  0]Cmd: MAP LOAD FILE="../../../Engine/Content/Maps/Templates/Template_Default.umap" TEMPLATE=1 SHOWPROGRESS=1 FEATURELEVEL=3
[2016.11.22-07.44.50:586][  0]LightingResults: New page: Lighting Build
[2016.11.22-07.44.50:588][  0]MapCheck: New page: Map Check
[2016.11.22-07.44.50:588][  0]LightingResults: New page: Lighting Build
[2016.11.22-07.44.50:780][  0]LogAIModule: Creating AISystem for world Untitled_1
[2016.11.22-07.44.50:785][  0]LogEditorServer: Finished looking for orphan Actors (0.000 secs)
[2016.11.22-07.44.50:791][  0]Cmd: MAP CHECKDEP NOCLEARLOG
[2016.11.22-07.44.50:820][  0]MapCheck: Info Map check complete: 0 Error(s), 0 Warning(s), took 28.503ms to complete.
[2016.11.22-07.44.50:820][  0]LogFileHelpers: Loading map 'Template_Default' took 0.235
[2016.11.22-07.44.50:936][  0]LogCollectionManager: Loaded 0 collections in 0.001422 seconds
[2016.11.22-07.44.50:981][  0]LogFileCache: Scanning file cache for directory 'C:/Users/Quinn/Documents/Unreal Projects/Printer_Jam 4.13 (2)/Printer_Jam 4.13/Saved/Collections/' took 0.01s
[2016.11.22-07.44.50:981][  0]LogFileCache: Scanning file cache for directory 'C:/Users/Quinn/Documents/Unreal Projects/Printer_Jam 4.13 (2)/Printer_Jam 4.13/Content/Developers/Quinn/Collections/' took 0.01s
[2016.11.22-07.44.50:981][  0]LogFileCache: Scanning file cache for directory 'C:/Users/Quinn/Documents/Unreal Projects/Printer_Jam 4.13 (2)/Printer_Jam 4.13/Content/Collections/' took 0.01s
[2016.11.22-07.44.50:981][  0]LogCollectionManager: Rebuilt the GUID cache for 0 collections in 0.000002 seconds
[2016.11.22-07.44.50:988][  0]LogContentBrowser: Native class hierarchy populated in 0.0075 seconds. Added 2141 classes and 415 folders.
[2016.11.22-07.44.50:991][  0]LogStats: UGameplayTagsManager::ConstructGameplayTagTree: Construct from data asset -  0.000 s
[2016.11.22-07.44.50:991][  0]LogStats: UGameplayTagsManager::ConstructGameplayTagTree: GameplayTagTreeChangedEvent.Broadcast -  0.000 s
[2016.11.22-07.44.50:992][  0]LogContentBrowser: Native class hierarchy updated for 'GameplayTags' in 0.0004 seconds. Added 12 classes and 0 folders.
[2016.11.22-07.44.50:995][  0]LogContentBrowser: Native class hierarchy updated for 'WidgetCarousel' in 0.0003 seconds. Added 0 classes and 0 folders.
[2016.11.22-07.44.51:023][  0]LogContentBrowser: Native class hierarchy updated for 'AddContentDialog' in 0.0003 seconds. Added 0 classes and 0 folders.
[2016.11.22-07.44.51:027][  0]LogContentBrowser: Native class hierarchy updated for 'SceneOutliner' in 0.0003 seconds. Added 1 classes and 2 folders.
[2016.11.22-07.44.51:038][  0]LogCrashTracker: Crashtracker disabled due to settings.
[2016.11.22-07.44.51:042][  0]LogUObjectGlobals:Warning: Failed to find object 'Class None.'
[2016.11.22-07.44.51:068][  0]LogContentBrowser: Native class hierarchy updated for 'HierarchicalLODOutliner' in 0.0004 seconds. Added 1 classes and 2 folders.
[2016.11.22-07.44.51:068][  0]LogLoad: (Engine Initialization) Total time: 5.03 seconds
[2016.11.22-07.44.51:068][  0]LogLoad: (Engine Initialization) Total Blueprint compile time: 0.04 seconds
[2016.11.22-07.44.51:068][  0]LogExternalProfiler: No external profilers were discovered.  External profiling features will not be available.
[2016.11.22-07.44.51:077][  0]LogWindowsTextInputMethodSystem:Display: IME system now deactivated.
[2016.11.22-07.44.51:077][  0]LogOcInput: OculusInput pre-init called
[2016.11.22-07.44.51:107][  0]LogContentStreaming: Texture pool size now 1000 MB
[2016.11.22-07.44.51:231][  0]LogRenderer: Reallocating scene render targets to support 1208x576 (Frame:2).
[2016.11.22-07.44.55:133][458]LogAssetRegistry: Asset discovery search completed in 6.2798 seconds
[2016.11.22-07.44.55:133][458]LogCollectionManager: Rebuilt the object cache for 0 collections in 0.000001 seconds (found 0 objects)
[2016.11.22-07.44.55:133][458]LogCollectionManager: Fixed up redirectors for 0 collections in 0.000015 seconds (updated 0 objects)
[2016.11.22-07.44.56:307][595]LogFileCache: Retrieving MD5 hashes for directory 'C:/Users/Quinn/Documents/Unreal Projects/Printer_Jam 4.13 (2)/Printer_Jam 4.13/Content/' took 5.22s
[2016.11.22-07.45.18:511][246]LogLinker:Warning: Can't find file '/Game/Textures/Material_002'
[2016.11.22-07.45.18:511][246]LogLinker:Warning: Can't find file for asset '/Game/Textures/Material_002' while loading ../../../../../../Users/Quinn/Documents/Unreal Projects/Printer_Jam 4.13 (2)/Printer_Jam 4.13/Content/Props/drawers_of_office.uasset.
[2016.11.22-07.45.18:511][246]LoadErrors:Error: Error /Game/Props/drawers_of_office : Can't find file for asset. /Game/Textures/Material_002
[2016.11.22-07.45.18:511][246]LogLinker:Warning: Can't find file '/Game/Textures/Material_003'
[2016.11.22-07.45.18:511][246]LogLinker:Warning: Can't find file for asset '/Game/Textures/Material_003' while loading ../../../../../../Users/Quinn/Documents/Unreal Projects/Printer_Jam 4.13 (2)/Printer_Jam 4.13/Content/Props/drawers_of_office.uasset.
[2016.11.22-07.45.18:511][246]LoadErrors:Error: Error /Game/Props/drawers_of_office : Can't find file for asset. /Game/Textures/Material_003
[2016.11.22-07.45.18:511][246]LogLinker:Warning: Can't find file '/Game/Textures/Material_005'
[2016.11.22-07.45.18:511][246]LogLinker:Warning: Can't find file for asset '/Game/Textures/Material_005' while loading ../../../../../../Users/Quinn/Documents/Unreal Projects/Printer_Jam 4.13 (2)/Printer_Jam 4.13/Content/Props/drawers_of_office.uasset.
[2016.11.22-07.45.18:511][246]LoadErrors:Error: Error /Game/Props/drawers_of_office : Can't find file for asset. /Game/Textures/Material_005
[2016.11.22-07.45.18:511][246]LogLinker:Warning: Can't find file '/Game/Textures/Material_002'
[2016.11.22-07.45.18:511][246]LogLinker:Warning: Can't find file for asset '/Game/Textures/Material_002' while loading ../../../../../../Users/Quinn/Documents/Unreal Projects/Printer_Jam 4.13 (2)/Printer_Jam 4.13/Content/Props/drawers_of_office.uasset.
[2016.11.22-07.45.18:511][246]LogLinker:Warning: Can't find file '/Game/Textures/Material_003'
[2016.11.22-07.45.18:511][246]LogLinker:Warning: Can't find file for asset '/Game/Textures/Material_003' while loading ../../../../../../Users/Quinn/Documents/Unreal Projects/Printer_Jam 4.13 (2)/Printer_Jam 4.13/Content/Props/drawers_of_office.uasset.
[2016.11.22-07.45.18:511][246]LogLinker:Warning: Can't find file '/Game/Textures/Material_005'
[2016.11.22-07.45.18:511][246]LogLinker:Warning: Can't find file for asset '/Game/Textures/Material_005' while loading ../../../../../../Users/Quinn/Documents/Unreal Projects/Printer_Jam 4.13 (2)/Printer_Jam 4.13/Content/Props/drawers_of_office.uasset.
[2016.11.22-07.45.18:519][246]LogLinker:Warning: Can't find file '/Game/Props/lambert2'
[2016.11.22-07.45.18:519][246]LogLinker:Warning: Can't find file for asset '/Game/Props/lambert2' while loading ../../../../../../Users/Quinn/Documents/Unreal Projects/Printer_Jam 4.13 (2)/Printer_Jam 4.13/Content/Props/ScissorsWithUVS.uasset.
[2016.11.22-07.45.18:519][246]LoadErrors:Error: Error /Game/Props/ScissorsWithUVS : Can't find file for asset. /Game/Props/lambert2
[2016.11.22-07.45.18:519][246]LogLinker:Warning: Can't find file '/Game/Props/lambert2'
[2016.11.22-07.45.18:519][246]LogLinker:Warning: Can't find file for asset '/Game/Props/lambert2' while loading ../../../../../../Users/Quinn/Documents/Unreal Projects/Printer_Jam 4.13 (2)/Printer_Jam 4.13/Content/Props/ScissorsWithUVS.uasset.
[2016.11.22-07.45.18:707][246]LogLinker:Warning: Can't find file '/Game/Textures/Material_002'
[2016.11.22-07.45.18:707][246]LoadErrors: Info Failed to load /Game/Textures/Material_002.Material_002 Referenced by drawers_of_office
[2016.11.22-07.45.18:707][246]LogLinker:Warning: Can't find file for asset '/Game/Textures/Material_002' while loading NULL.
[2016.11.22-07.45.18:707][246]LogLinker:Warning: Can't find file '/Game/Textures/Material_003'
[2016.11.22-07.45.18:707][246]LoadErrors: Info Failed to load /Game/Textures/Material_003.Material_003 Referenced by drawers_of_office
[2016.11.22-07.45.18:707][246]LogLinker:Warning: Can't find file for asset '/Game/Textures/Material_003' while loading NULL.
[2016.11.22-07.45.18:708][246]LogLinker:Warning: Can't find file '/Game/Textures/Material_005'
[2016.11.22-07.45.18:708][246]LoadErrors: Info Failed to load /Game/Textures/Material_005.Material_005 Referenced by drawers_of_office
[2016.11.22-07.45.18:708][246]LogLinker:Warning: Can't find file for asset '/Game/Textures/Material_005' while loading NULL.
[2016.11.22-07.45.18:977][246]LogLinker:Warning: Can't find file '/Game/Props/lambert2'
[2016.11.22-07.45.18:977][246]LoadErrors: Info Failed to load /Game/Props/lambert2.lambert2 Referenced by ScissorsWithUVS
[2016.11.22-07.45.18:977][246]LogLinker:Warning: Can't find file for asset '/Game/Props/lambert2' while loading NULL.
[2016.11.22-07.45.18:981][246]LogMaterial: Missing cached shader map for material Keyboard, compiling. 
[2016.11.22-07.45.19:023][246]LogTexture:Display: Building textures: Office_chair_plastic_dif (AutoDXT)
[2016.11.22-07.45.19:338][246]LogTexture:Display: Building textures: Office_chair_plastic_normal (BC5)
[2016.11.22-07.45.19:497][246]LogMaterial: Missing cached shader map for material Office_chair_plastic, compiling. 
[2016.11.22-07.45.19:720][246]LogTexture:Display: Building textures: T_PlantSoil_D (DXT1)
[2016.11.22-07.45.24:542][246]LogStaticMesh: Building static mesh duct_curve_down...
[2016.11.22-07.45.24:548][246]LogStaticMesh: Built static mesh [0.01s] /Game/Props/duct_curve_down.duct_curve_down
[2016.11.22-07.45.24:550][246]LogStaticMesh: Building static mesh duct_horiz_curve...
[2016.11.22-07.45.24:557][246]LogStaticMesh: Built static mesh [0.01s] /Game/Props/duct_horiz_curve.duct_horiz_curve
[2016.11.22-07.45.24:560][246]LogMaterial: Missing cached shader map for material M_PlantPot_Mat, compiling. 
[2016.11.22-07.45.24:582][246]LogStaticMesh: Building static mesh duct_straight...
[2016.11.22-07.45.24:587][246]LogStaticMesh: Built static mesh [0.01s] /Game/Props/duct_straight.duct_straight
[2016.11.22-07.45.24:646][246]LogMaterial: Missing cached shader map for material M_RoundCeilingLight_Mat, compiling. 
[2016.11.22-07.45.24:662][246]LogMaterial: Missing cached shader map for material M_PlantBark_Mat, compiling. 
[2016.11.22-07.45.24:720][246]LogMaterial: Missing cached shader map for material M_PlantLeaf_Mat, compiling. 
[2016.11.22-07.45.24:760][246]LogStaticMesh: Building static mesh Pen...
[2016.11.22-07.45.24:770][246]LogStaticMesh: Built static mesh [0.01s] /Game/Props/Pen.Pen
[2016.11.22-07.45.24:844][246]LogTexture:Display: Building textures: Concrete (AutoDXT)
[2016.11.22-07.45.26:879][246]LogTexture:Display: Building textures: ConcreteNormal (BC5)
[2016.11.22-07.45.27:256][246]LogMaterial: Missing cached shader map for material Concrete, compiling. 
[2016.11.22-07.45.27:438][246]LogTexture:Display: Building textures: AsphaltNormal (AutoDXT)
[2016.11.22-07.45.30:670][246]LogTexture:Display: Building textures: Asphalt (AutoDXT)
[2016.11.22-07.45.32:306][246]LogMaterial: Missing cached shader map for material Asphalt, compiling. 
[2016.11.22-07.45.32:354][246]LogTexture:Display: Building textures: ScissorsMetallic (AutoDXT)
[2016.11.22-07.45.32:823][246]LogTexture:Display: Building textures: Scissors_UV (AutoDXT)
[2016.11.22-07.45.33:211][246]LogTexture:Display: Building textures: ScissorsRoughness (AutoDXT)
[2016.11.22-07.45.33:592][246]LogMaterial: Missing cached shader map for material Scissors, compiling. 
[2016.11.22-07.45.33:612][246]LogMaterial: Missing cached shader map for material white_Mat, compiling. 
[2016.11.22-07.45.33:638][246]LogMaterial: Missing cached shader map for material ElevatorMetal, compiling. 
[2016.11.22-07.45.33:658][246]LogMaterial: Missing cached shader map for material Glass, compiling. 
[2016.11.22-07.45.33:693][246]LogMaterial: Missing cached shader map for material Material_001, compiling. 
[2016.11.22-07.45.33:709][246]LogStaticMesh: Building static mesh drawers_of_office...
[2016.11.22-07.45.33:845][246]LogStaticMesh: Built static mesh [0.14s] /Game/Props/drawers_of_office.drawers_of_office
[2016.11.22-07.45.33:873][246]LogMaterial: Missing cached shader map for material Clock, compiling. 
[2016.11.22-07.45.34:119][246]LogTexture:Display: Building textures: HQ_Lightmap0_1 (AutoDXT)
[2016.11.22-07.45.34:610][246]LogTexture:Display: Building textures: HQ_Lightmap0_2 (AutoDXT)
[2016.11.22-07.45.34:822][246]LogTexture:Display: Building textures: HQ_Lightmap0_3 (AutoDXT)
[2016.11.22-07.45.35:548][246]LogTexture:Display: Building textures: HQ_Lightmap0_4 (AutoDXT)
[2016.11.22-07.45.35:549][246]LogTexture:Display: Building textures: HQ_Lightmap0_6 (AutoDXT)
[2016.11.22-07.45.35:549][246]LogTexture:Display: Building textures: HQ_Lightmap1_5 (AutoDXT)
[2016.11.22-07.45.35:566][246]LogTexture:Display: Building textures: LQ_Lightmap_0_1 (DXT1)
[2016.11.22-07.45.35:762][246]LogTexture:Display: Building textures: LQ_Lightmap_0_2 (DXT1)
[2016.11.22-07.45.35:884][246]LogTexture:Display: Building textures: LQ_Lightmap_0_3 (DXT1)
[2016.11.22-07.45.36:155][246]LogTexture:Display: Building textures: LQ_Lightmap_0_4 (DXT1)
[2016.11.22-07.45.36:156][246]LogTexture:Display: Building textures: LQ_Lightmap_0_6 (DXT1)
[2016.11.22-07.45.36:156][246]LogTexture:Display: Building textures: LQ_Lightmap_1_5 (DXT1)
[2016.11.22-07.45.36:204][246]LogTexture:Display: Building textures: ShadowMapTexture2D_0 (BGRA8)
[2016.11.22-07.45.36:304][246]LogTexture:Display: Building textures: ShadowMapTexture2D_5 (BGRA8)
[2016.11.22-07.45.36:305][246]LogTexture:Display: Building textures: ShadowMapTexture2D_6 (G8)
[2016.11.22-07.45.36:305][246]LogTexture:Display: Building textures: ShadowMapTexture2D_7 (G8)
[2016.11.22-07.45.36:306][246]LogTexture:Display: Building textures: ShadowMapTexture2D_8 (G8)
[2016.11.22-07.45.36:316][246]LogStaticMesh: Building static mesh ScissorsWithUVS...
[2016.11.22-07.45.36:350][246]LogStaticMesh: Built static mesh [0.03s] /Game/Props/ScissorsWithUVS.ScissorsWithUVS
[2016.11.22-07.45.36:351][246]LogStaticMesh: Building static mesh sofa...
[2016.11.22-07.45.36:395][246]LogMeshUtilities: Invalid vertex normals found for mesh. Forcing recomputation of vertex normals for MikkTSpace. Fix mesh or disable "Use MikkTSpace Tangent Space" to avoid forced recomputation of normals.
[2016.11.22-07.45.37:221][246]LogStaticMesh: Built static mesh [0.87s] /Game/Props/sofa.sofa
[2016.11.22-07.45.37:223][246]LogStaticMesh: Building static mesh Tape...
[2016.11.22-07.45.37:248][246]LogStaticMesh: Built static mesh [0.03s] /Game/Props/Tape.Tape
[2016.11.22-07.45.37:259][246]LogMaterial: Missing cached shader map for material Cloth-2, compiling. 
[2016.11.22-07.45.37:276][246]LogMaterial: Missing cached shader map for material Metal, compiling. 
[2016.11.22-07.45.37:294][246]LogMaterial: Missing cached shader map for material Cloth-1, compiling. 
[2016.11.22-07.45.37:613][246]LogTexture:Display: Building textures: LCD_4K_texture-map_diffuse_WITHSCREEN (AutoDXT)
[2016.11.22-07.45.40:248][246]LogMaterial: Missing cached shader map for material Monitor, compiling. 
[2016.11.22-07.45.40:273][246]LogAIModule: Creating AISystem for world Printer_Jam
[2016.11.22-07.45.40:351][246]Cmd: MAP LOAD FILE="../../../../../../Users/Quinn/Documents/Unreal Projects/Printer_Jam 4.13 (2)/Printer_Jam 4.13/Content/Printer_Jam.umap" TEMPLATE=0 SHOWPROGRESS=1 FEATURELEVEL=3
[2016.11.22-07.45.40:351][246]LightingResults: New page: Lighting Build
[2016.11.22-07.45.40:352][246]LoadErrors: New page: Loading map: Printer_Jam.umap
[2016.11.22-07.45.40:352][246]MapCheck: New page: Map Check
[2016.11.22-07.45.40:352][246]LightingResults: New page: Lighting Build
[2016.11.22-07.45.40:447][246]LogEditorServer: Finished looking for orphan Actors (0.000 secs)
[2016.11.22-07.45.40:468][246]Cmd: MAP CHECKDEP NOCLEARLOG
[2016.11.22-07.45.40:511][246]MapCheck: Info Map check complete: 0 Error(s), 0 Warning(s), took 42.86ms to complete.
[2016.11.22-07.45.40:511][246]LogFileHelpers: Loading map 'Printer_Jam' took 0.160
[2016.11.22-07.46.54:529][959]MapCheck: New page: Map Check
[2016.11.22-07.46.54:553][959]Cmd: MAP REBUILD ALLVISIBLE
[2016.11.22-07.46.54:555][959]LogEditorServer: Rebuildmap Clear paths rebuilt
[2016.11.22-07.47.37:735][959]LightingResults: New page: Lighting Build - Nov 21, 2016, 5:47:37 PM
[2016.11.22-07.47.38:328][959]LogSwarmInterface: [OpenConnection] Registering TCP channel ...
[2016.11.22-07.47.38:368][959]LogSwarmInterface: [OpenConnection] Connecting to agent ...
[2016.11.22-07.47.38:376][959]LogSwarmInterface: [TryOpenConnection] Testing the Agent
[2016.11.22-07.47.38:893][959]LogSwarmInterface: [TryOpenConnection] Opening Connection to Agent
[2016.11.22-07.47.38:893][959]LogSwarmInterface: [TryOpenConnection] Local Process ID is 9044
[2016.11.22-07.47.41:005][959]LogStaticLightingSystem:Warning: No importance volume found, so the scene bounding box was used.  You can optimize your scene's quality and lighting build times by adding importance volumes.
[2016.11.22-07.47.41:018][959]LogStaticLightingSystem: Running Lightmass w/ ImmediateImport mode ENABLED
[2016.11.22-07.47.41:019][959]LogStaticLightingSystem: Running Lightmass w/ ImmediateProcess mode ENABLED
[2016.11.22-07.47.41:019][959]LogStaticLightingSystem: Running Lightmass w/ Sorting mode ENABLED
[2016.11.22-07.47.41:019][959]LogStaticLightingSystem: Running Lightmass w/ Mapping paddings ENABLED
[2016.11.22-07.47.41:019][959]LogStaticLightingSystem: Running Lightmass w/ Mapping debug paddings DISABLED
[2016.11.22-07.47.41:655][959]LogEditorBuildUtils: Build time 0:47
[2016.11.22-07.47.41:858][961]LogMaterial: Missing cached shader map for material FLightmassMaterialRenderer Office_chair_plastic, compiling. 
[2016.11.22-07.47.41:864][961]LogMaterial: Missing cached shader map for material FLightmassMaterialRenderer Office_chair_plastic, compiling. 
[2016.11.22-07.47.41:890][962]LogMaterial: Missing cached shader map for material FLightmassMaterialRenderer white_Mat, compiling. 
[2016.11.22-07.47.41:895][962]LogMaterial: Missing cached shader map for material FLightmassMaterialRenderer white_Mat, compiling. 
[2016.11.22-07.47.41:917][963]LogMaterial: Missing cached shader map for material FLightmassMaterialRenderer Monitor, compiling. 
[2016.11.22-07.47.41:922][963]LogMaterial: Missing cached shader map for material FLightmassMaterialRenderer Monitor, compiling. 
[2016.11.22-07.47.41:934][964]LogMaterial: Missing cached shader map for material FLightmassMaterialRenderer Keyboard, compiling. 
[2016.11.22-07.47.41:939][964]LogMaterial: Missing cached shader map for material FLightmassMaterialRenderer Keyboard, compiling. 
[2016.11.22-07.47.41:944][964]LogMaterial: Missing cached shader map for material FLightmassMaterialRenderer M_RoundCeilingLight_Mat_Inst, compiling. 
[2016.11.22-07.47.41:949][964]LogMaterial: Missing cached shader map for material FLightmassMaterialRenderer M_RoundCeilingLight_Mat_Inst, compiling. 
[2016.11.22-07.47.41:962][965]LogMaterial: Missing cached shader map for material FLightmassMaterialRenderer M_PlantLeaf_Mat_Inst, compiling. 
[2016.11.22-07.47.41:968][965]LogMaterial: Missing cached shader map for material FLightmassMaterialRenderer M_PlantLeaf_Mat_Inst, compiling. 
[2016.11.22-07.47.41:973][965]LogMaterial: Missing cached shader map for material FLightmassMaterialRenderer M_PlantLeaf_Mat_Inst, compiling. 
[2016.11.22-07.47.41:984][966]LogMaterial: Missing cached shader map for material FLightmassMaterialRenderer M_PlantBark_Mat_Inst, compiling. 
[2016.11.22-07.47.41:989][966]LogMaterial: Missing cached shader map for material FLightmassMaterialRenderer M_PlantBark_Mat_Inst, compiling. 
[2016.11.22-07.47.42:001][967]LogMaterial: Missing cached shader map for material FLightmassMaterialRenderer M_PlantPot_Mat_Inst, compiling. 
[2016.11.22-07.47.42:005][967]LogMaterial: Missing cached shader map for material FLightmassMaterialRenderer M_PlantPot_Mat_Inst, compiling. 
[2016.11.22-07.47.42:010][967]LogMaterial: Missing cached shader map for material FLightmassMaterialRenderer Material_001, compiling. 
[2016.11.22-07.47.42:015][967]LogMaterial: Missing cached shader map for material FLightmassMaterialRenderer Material_001, compiling. 
[2016.11.22-07.47.42:025][968]LogMaterial: Missing cached shader map for material FLightmassMaterialRenderer Cloth-2, compiling. 
[2016.11.22-07.47.42:030][968]LogMaterial: Missing cached shader map for material FLightmassMaterialRenderer Cloth-2, compiling. 
[2016.11.22-07.47.42:035][968]LogMaterial: Missing cached shader map for material FLightmassMaterialRenderer Metal, compiling. 
[2016.11.22-07.47.42:040][968]LogMaterial: Missing cached shader map for material FLightmassMaterialRenderer Metal, compiling. 
[2016.11.22-07.47.42:050][969]LogMaterial: Missing cached shader map for material FLightmassMaterialRenderer Cloth-1, compiling. 
[2016.11.22-07.47.42:055][969]LogMaterial: Missing cached shader map for material FLightmassMaterialRenderer Cloth-1, compiling. 
[2016.11.22-07.47.42:060][969]LogMaterial: Missing cached shader map for material FLightmassMaterialRenderer Scissors, compiling. 
[2016.11.22-07.47.42:065][969]LogMaterial: Missing cached shader map for material FLightmassMaterialRenderer Scissors, compiling. 
[2016.11.22-07.47.42:075][970]LogMaterial: Missing cached shader map for material FLightmassMaterialRenderer Asphalt, compiling. 
[2016.11.22-07.47.42:080][970]LogMaterial: Missing cached shader map for material FLightmassMaterialRenderer Asphalt, compiling. 
[2016.11.22-07.47.42:085][970]LogMaterial: Missing cached shader map for material FLightmassMaterialRenderer Concrete, compiling. 
[2016.11.22-07.47.42:089][970]LogMaterial: Missing cached shader map for material FLightmassMaterialRenderer Concrete, compiling. 
[2016.11.22-07.47.42:100][971]LogMaterial: Missing cached shader map for material FLightmassMaterialRenderer Glass, compiling. 
[2016.11.22-07.47.42:106][971]LogMaterial: Missing cached shader map for material FLightmassMaterialRenderer Glass, compiling. 
[2016.11.22-07.47.42:117][972]LogMaterial: Missing cached shader map for material FLightmassMaterialRenderer ElevatorMetal, compiling. 
[2016.11.22-07.47.42:122][972]LogMaterial: Missing cached shader map for material FLightmassMaterialRenderer ElevatorMetal, compiling. 
[2016.11.22-07.50.07:955][ 72]LightingResults:Warning: Warning Printer Object has overlapping UVs.
[2016.11.22-07.50.07:955][ 72]LightingResults: Info Printer Lightmap UV are overlapping by 2.6%. Please adjust content - Enable Error Coloring to visualize.
[2016.11.22-07.50.10:367][361]LightingResults:Warning: Warning chair Object has overlapping UVs.
[2016.11.22-07.50.10:367][361]LightingResults: Info chair Lightmap UV are overlapping by 11.0%. Please adjust content - Enable Error Coloring to visualize.
[2016.11.22-07.51.02:498][363]LightingResults:Warning: Warning <None> Object has overlapping UVs.
[2016.11.22-07.51.02:498][363]LightingResults: Info <None> Lightmap UV are overlapping by 14.3%. Please adjust content - Enable Error Coloring to visualize.
[2016.11.22-07.51.27:850][440]Job is a success!
[2016.11.22-07.51.31:359][441]LogTexture:Display: Building textures: HQ_Lightmap0_1 (AutoDXT)
[2016.11.22-07.51.31:359][441]LogTexture:Display: Building textures: LQ_Lightmap_0_1 (DXT1)
[2016.11.22-07.51.31:359][441]LogTexture:Display: Building textures: HQ_Lightmap0_2 (AutoDXT)
[2016.11.22-07.51.31:359][441]LogTexture:Display: Building textures: LQ_Lightmap_0_2 (DXT1)
[2016.11.22-07.51.31:359][441]LogTexture:Display: Building textures: HQ_Lightmap1_3 (AutoDXT)
[2016.11.22-07.51.31:359][441]LogTexture:Display: Building textures: LQ_Lightmap_1_3 (DXT1)
[2016.11.22-07.51.31:359][441]LogTexture:Display: Building textures: HQ_Lightmap1_4 (AutoDXT)
[2016.11.22-07.51.31:359][441]LogTexture:Display: Building textures: LQ_Lightmap_1_4 (DXT1)
[2016.11.22-07.51.31:359][441]LogTexture:Display: Building textures: HQ_Lightmap0_5 (AutoDXT)
[2016.11.22-07.51.31:359][441]LogTexture:Display: Building textures: LQ_Lightmap_0_5 (DXT1)
[2016.11.22-07.51.31:359][441]LogTexture:Display: Building textures: HQ_Lightmap1_6 (AutoDXT)
[2016.11.22-07.51.31:359][441]LogTexture:Display: Building textures: LQ_Lightmap_1_6 (DXT1)
[2016.11.22-07.51.31:867][441]LogTexture:Display: Building textures: ShadowMapTexture2D_0 (BGRA8)
[2016.11.22-07.51.31:867][441]LogTexture:Display: Building textures: ShadowMapTexture2D_1 (BGRA8)
[2016.11.22-07.51.31:867][441]LogTexture:Display: Building textures: ShadowMapTexture2D_2 (G8)
[2016.11.22-07.51.31:867][441]LogTexture:Display: Building textures: ShadowMapTexture2D_3 (G8)
[2016.11.22-07.51.31:867][441]LogTexture:Display: Building textures: ShadowMapTexture2D_4 (G8)
[2016.11.22-07.51.31:929][441]Lightmass on DESKTOP-6MM24F4: 3:46 min total, 423 ms importing, 164 ms setup, 14.1 sec photons, 3:31 min processing, 0 ms extra exporting [4788/4788 mappings]. Threads: 14:06 min total, 10:19 min processing.
[2016.11.22-07.51.32:217][441]LogStaticLightingSystem: Illumination: 3:54 min (1.67 sec encoding lightmaps, 508 ms encoding shadowmaps)
[2016.11.22-07.51.32:217][441]LogStaticLightingSystem: Lightmap texture memory:  6.0 MB (2.0 MB streaming, 4.0 MB non-streaming), 12 textures
[2016.11.22-07.51.32:217][441]LogStaticLightingSystem: Shadowmap texture memory: 10.8 MB (0.2 MB streaming, 10.7 MB non-streaming), 5 textures
[2016.11.22-07.51.37:054][442]Cmd: MAP CHECK NOTIFYRESULTS
[2016.11.22-07.51.37:056][442]MapCheck: New page: Printer_Jam - Nov 21, 2016, 5:51:37 PM
[2016.11.22-07.51.37:118][442]MapCheck: Info Map check complete: 0 Error(s), 0 Warning(s), took 63.95ms to complete.
[2016.11.22-07.55.35:019][ 37]LogEditorViewport: Clicking on Actor (LMB): SpotLight (SpotLight54)
[2016.11.22-07.55.39:384][549]Cmd: TRANSACTION UNDO
[2016.11.22-07.55.39:384][549]LogEditorTransaction: Undo Edit Intensity
[2016.11.22-07.56.30:927][651]LogSavePackage: Save=1738.72ms
[2016.11.22-07.56.30:927][651]LogSavePackage: Moving '../../../../../../Users/Quinn/Documents/Unreal Projects/Printer_Jam 4.13 (2)/Printer_Jam 4.13/Saved/Printer_Jam_Auto1870F5B78469E84F1345BCD8274972667.tmp' to '../../../../../../Users/Quinn/Documents/Unreal Projects/Printer_Jam 4.13 (2)/Printer_Jam 4.13/Saved/Autosaves/Game/Printer_Jam_Auto1.umap'
[2016.11.22-07.56.30:930][651]LogSavePackage:Display: Finished SavePackage ../../../../../../Users/Quinn/Documents/Unreal Projects/Printer_Jam 4.13 (2)/Printer_Jam 4.13/Saved/Autosaves/Game/Printer_Jam_Auto1.umap
[2016.11.22-07.56.30:932][651]LogFileHelpers: Editor autosave (incl. sublevels) for '/Game/Printer_Jam' took 1.779
[2016.11.22-07.56.30:932][651]LogFileHelpers: Editor autosave (incl. sublevels) for all levels took 1.779
[2016.11.22-08.00.08:600][877]Cmd: CAMERA ALIGN ACTIVEVIEWPORTONLY
[2016.11.22-08.06.13:274][ 83]LogEditorViewport: Clicking on Actor (LMB): PointLight (PointLight3)
[2016.11.22-08.06.28:856][933]Cmd: TRANSACTION UNDO
[2016.11.22-08.06.28:856][933]LogEditorTransaction: Undo Move Actors
[2016.11.22-08.06.30:455][117]Cmd: EDIT COPY
[2016.11.22-08.06.31:380][227]Cmd: EDIT PASTE
[2016.11.22-08.06.45:330][835]LogEditorViewport: Clicking on Actor (LMB): PointLight (PointLight3)
[2016.11.22-08.07.23:072][234]LogSavePackage: Save=1750.99ms
[2016.11.22-08.07.23:072][234]LogSavePackage: Moving '../../../../../../Users/Quinn/Documents/Unreal Projects/Printer_Jam 4.13 (2)/Printer_Jam 4.13/Saved/Printer_Jam_Auto2E33EFCE84005399B2989F6814BBBF3C4.tmp' to '../../../../../../Users/Quinn/Documents/Unreal Projects/Printer_Jam 4.13 (2)/Printer_Jam 4.13/Saved/Autosaves/Game/Printer_Jam_Auto2.umap'
[2016.11.22-08.07.23:076][234]LogSavePackage:Display: Finished SavePackage ../../../../../../Users/Quinn/Documents/Unreal Projects/Printer_Jam 4.13 (2)/Printer_Jam 4.13/Saved/Autosaves/Game/Printer_Jam_Auto2.umap
[2016.11.22-08.07.23:078][234]LogFileHelpers: Editor autosave (incl. sublevels) for '/Game/Printer_Jam' took 1.789
[2016.11.22-08.07.23:078][234]LogFileHelpers: Editor autosave (incl. sublevels) for all levels took 1.789
[2016.11.22-08.13.41:974][918]LogEditorViewport: Clicking on Actor (LMB): PointLight (PointLight4)
[2016.11.22-08.13.48:760][710]LogEditorViewport: Clicking on Actor (LMB): PointLight (PointLight3)
[2016.11.22-08.13.51:813][ 73]LogEditorViewport: Clicking on Actor (LMB): PointLight (PointLight4)
[2016.11.22-08.13.53:593][283]Cmd: DELETE
[2016.11.22-08.13.53:593][283]Cmd: ACTOR DELETE
[2016.11.22-08.13.53:609][283]LogEditorActor: Deleted Actor: PointLight
[2016.11.22-08.13.53:617][283]LogEditorActor: Deleted 1 Actors (0.024 secs)
[2016.11.22-08.13.54:765][420]LogEditorViewport: Clicking on Actor (LMB): PointLight (PointLight3)
[2016.11.22-08.13.56:310][602]Cmd: EDIT COPY
[2016.11.22-08.13.56:962][680]Cmd: EDIT PASTE
[2016.11.22-08.14.07:624][917]Cmd: EDIT PASTE
[2016.11.22-08.14.19:050][243]LogEditorViewport: Clicking on Actor (CTRL LMB): PointLight (PointLight4)
[2016.11.22-08.14.21:270][503]LogEditorViewport: Clicking on Actor (LMB): PointLight (PointLight3)
[2016.11.22-08.14.23:698][788]LogEditorViewport: Clicking on Actor (LMB): PointLight (PointLight3)
[2016.11.22-08.14.24:734][909]LogEditorViewport: Clicking on Actor (LMB): PointLight (PointLight5)
[2016.11.22-08.14.26:210][ 83]LogEditorViewport: Clicking on Actor (CTRL LMB): PointLight (PointLight3)
[2016.11.22-08.14.27:579][244]LogEditorViewport: Clicking on Actor (CTRL LMB): PointLight (PointLight4)
[2016.11.22-08.14.29:823][510]Cmd: EDIT COPY
[2016.11.22-08.14.30:776][624]Cmd: EDIT PASTE
[2016.11.22-08.14.46:328][457]Cmd: EDIT PASTE
[2016.11.22-08.15.11:971][475]Cmd: EDIT PASTE
[2016.11.22-08.15.23:953][786]LogEditorViewport: Clicking on Actor (LMB): PointLight (PointLight5)
[2016.11.22-08.15.24:782][879]LogEditorViewport: Clicking on Actor (CTRL LMB): PointLight (PointLight8)
[2016.11.22-08.15.25:803][994]LogEditorViewport: Clicking on Actor (CTRL LMB): PointLight (PointLight11)
[2016.11.22-08.15.28:601][314]LogEditorViewport: Clicking on Actor (CTRL LMB): PointLight (PointLight14)
[2016.11.22-08.15.30:808][560]Cmd: EDIT COPY
[2016.11.22-08.15.31:124][591]Cmd: EDIT PASTE
[2016.11.22-08.15.51:221][556]LogEditorViewport: Clicking on Actor (LMB): PointLight (PointLight18)
[2016.11.22-08.16.06:585][225]LogEditorViewport: Clicking on Actor (LMB): PointLight (PointLight17)
[2016.11.22-08.16.12:964][853]LogEditorViewport: Clicking on Actor (LMB): PointLight (PointLight16)
[2016.11.22-08.16.17:561][326]LogEditorViewport: Clicking on Actor (LMB): PointLight (PointLight15)
[2016.11.22-08.16.32:999][901]LogEditorViewport: Clicking on Actor (LMB): PointLight (PointLight5)
[2016.11.22-08.17.15:314][469]Cmd: DELETE
[2016.11.22-08.17.15:314][469]Cmd: ACTOR DELETE
[2016.11.22-08.17.15:328][469]LogEditorActor: Deleted Actor: SkyLight
[2016.11.22-08.17.15:337][469]LogEditorActor: Deleted 1 Actors (0.023 secs)
[2016.11.22-08.17.17:763][726]LogEditorViewport: Clicking on Actor (LMB): PointLight (PointLight5)
[2016.11.22-08.17.21:975][158]LogEditorViewport: Clicking on Actor (LMB): PointLight (PointLight3)
[2016.11.22-08.17.27:249][691]LogEditorViewport: Clicking on Actor (LMB): PointLight (PointLight4)
[2016.11.22-08.17.31:548][118]LogEditorViewport: Clicking on Actor (LMB): PointLight (PointLight8)
[2016.11.22-08.17.35:741][541]LogEditorViewport: Clicking on Actor (LMB): PointLight (PointLight6)
[2016.11.22-08.17.40:024][966]LogEditorViewport: Clicking on Actor (LMB): PointLight (PointLight7)
[2016.11.22-08.18.01:746][191]LogEditorViewport: Clicking on Actor (LMB): PointLight (PointLight10)
[2016.11.22-08.18.06:314][652]LogEditorViewport: Clicking on Actor (LMB): PointLight (PointLight9)
[2016.11.22-08.18.09:843][ 12]LogEditorViewport: Clicking on Actor (LMB): PointLight (PointLight11)
[2016.11.22-08.18.21:429][205]LogEditorViewport: Clicking on Actor (LMB): PointLight (PointLight14)
[2016.11.22-08.18.25:340][606]LogEditorViewport: Clicking on Actor (LMB): PointLight (PointLight12)
[2016.11.22-08.18.30:230][ 81]LogEditorViewport: Clicking on Actor (LMB): PointLight (PointLight13)
[2016.11.22-08.19.25:815][764]LogSavePackage: Save=1862.09ms
[2016.11.22-08.19.25:815][764]LogSavePackage: Moving '../../../../../../Users/Quinn/Documents/Unreal Projects/Printer_Jam 4.13 (2)/Printer_Jam 4.13/Saved/Printer_JamF76D9283421BCAAA6386EDB80223E759.tmp' to '../../../../../../Users/Quinn/Documents/Unreal Projects/Printer_Jam 4.13 (2)/Printer_Jam 4.13/Content/Printer_Jam.umap'
[2016.11.22-08.19.25:824][764]LogSavePackage:Display: Finished SavePackage ../../../../../../Users/Quinn/Documents/Unreal Projects/Printer_Jam 4.13 (2)/Printer_Jam 4.13/Content/Printer_Jam.umap
[2016.11.22-08.19.30:371][242]MapCheck: New page: Map Check
[2016.11.22-08.19.30:391][242]Cmd: MAP REBUILD ALLVISIBLE
[2016.11.22-08.19.30:391][242]LogEditorServer: Rebuildmap Clear paths rebuilt
[2016.11.22-08.20.18:057][242]LightingResults: New page: Lighting Build - Nov 21, 2016, 6:20:18 PM
[2016.11.22-08.20.18:683][242]LogSwarmInterface: [OpenConnection] Registering TCP channel ...
[2016.11.22-08.20.18:684][242]LogSwarmInterface: [OpenConnection] Connecting to agent ...
[2016.11.22-08.20.18:684][242]LogSwarmInterface: [TryOpenConnection] Testing the Agent
[2016.11.22-08.20.18:685][242]LogSwarmInterface: [TryOpenConnection] Opening Connection to Agent
[2016.11.22-08.20.18:685][242]LogSwarmInterface: [TryOpenConnection] Local Process ID is 9044
[2016.11.22-08.20.23:209][242]LogStaticLightingSystem:Warning: No importance volume found, so the scene bounding box was used.  You can optimize your scene's quality and lighting build times by adding importance volumes.
[2016.11.22-08.20.23:247][242]LogStaticLightingSystem: Running Lightmass w/ ImmediateImport mode ENABLED
[2016.11.22-08.20.23:247][242]LogStaticLightingSystem: Running Lightmass w/ ImmediateProcess mode ENABLED
[2016.11.22-08.20.23:248][242]LogStaticLightingSystem: Running Lightmass w/ Sorting mode ENABLED
[2016.11.22-08.20.23:248][242]LogStaticLightingSystem: Running Lightmass w/ Mapping paddings ENABLED
[2016.11.22-08.20.23:248][242]LogStaticLightingSystem: Running Lightmass w/ Mapping debug paddings DISABLED
[2016.11.22-08.20.23:699][242]LogEditorBuildUtils: Build time 0:53
[2016.11.22-08.22.05:304][551]LightingResults:Warning: Warning Printer Object has overlapping UVs.
[2016.11.22-08.22.05:305][551]LightingResults: Info Printer Lightmap UV are overlapping by 2.6%. Please adjust content - Enable Error Coloring to visualize.
[2016.11.22-08.22.07:638][558]LightingResults:Warning: Warning chair Object has overlapping UVs.
[2016.11.22-08.22.07:638][558]LightingResults: Info chair Lightmap UV are overlapping by 11.0%. Please adjust content - Enable Error Coloring to visualize.
[2016.11.22-08.22.53:985][697]LightingResults:Warning: Warning <None> Object has overlapping UVs.
[2016.11.22-08.22.53:985][697]LightingResults: Info <None> Lightmap UV are overlapping by 14.3%. Please adjust content - Enable Error Coloring to visualize.
[2016.11.22-08.23.26:010][793]Job is a success!
[2016.11.22-08.23.29:568][794]LogTexture:Display: Building textures: HQ_Lightmap0_1 (AutoDXT)
[2016.11.22-08.23.29:568][794]LogTexture:Display: Building textures: LQ_Lightmap_0_1 (DXT1)
[2016.11.22-08.23.29:568][794]LogTexture:Display: Building textures: HQ_Lightmap0_2 (AutoDXT)
[2016.11.22-08.23.29:568][794]LogTexture:Display: Building textures: LQ_Lightmap_0_2 (DXT1)
[2016.11.22-08.23.29:568][794]LogTexture:Display: Building textures: HQ_Lightmap0_3 (AutoDXT)
[2016.11.22-08.23.29:568][794]LogTexture:Display: Building textures: LQ_Lightmap_0_3 (DXT1)
[2016.11.22-08.23.29:568][794]LogTexture:Display: Building textures: HQ_Lightmap0_4 (AutoDXT)
[2016.11.22-08.23.29:568][794]LogTexture:Display: Building textures: LQ_Lightmap_0_4 (DXT1)
[2016.11.22-08.23.29:568][794]LogTexture:Display: Building textures: HQ_Lightmap1_5 (AutoDXT)
[2016.11.22-08.23.29:568][794]LogTexture:Display: Building textures: LQ_Lightmap_1_5 (DXT1)
[2016.11.22-08.23.29:568][794]LogTexture:Display: Building textures: HQ_Lightmap0_6 (AutoDXT)
[2016.11.22-08.23.29:568][794]LogTexture:Display: Building textures: LQ_Lightmap_0_6 (DXT1)
[2016.11.22-08.23.30:091][794]LogTexture:Display: Building textures: ShadowMapTexture2D_5 (BGRA8)
[2016.11.22-08.23.30:091][794]LogTexture:Display: Building textures: ShadowMapTexture2D_6 (BGRA8)
[2016.11.22-08.23.30:091][794]LogTexture:Display: Building textures: ShadowMapTexture2D_7 (G8)
[2016.11.22-08.23.30:091][794]LogTexture:Display: Building textures: ShadowMapTexture2D_8 (G8)
[2016.11.22-08.23.30:091][794]LogTexture:Display: Building textures: ShadowMapTexture2D_9 (G8)
[2016.11.22-08.23.30:144][794]Lightmass on DESKTOP-6MM24F4: 3:05 min total, 405 ms importing, 157 ms setup, 14.2 sec photons, 2:50 min processing, 0 ms extra exporting [4788/4788 mappings]. Threads: 11:20 min total, 8:14 min processing.
[2016.11.22-08.23.30:438][794]LogStaticLightingSystem: Illumination: 3:12 min (1.89 sec encoding lightmaps, 523 ms encoding shadowmaps)
[2016.11.22-08.23.30:438][794]LogStaticLightingSystem: Lightmap texture memory:  6.0 MB (2.0 MB streaming, 4.0 MB non-streaming), 12 textures
[2016.11.22-08.23.30:438][794]LogStaticLightingSystem: Shadowmap texture memory: 10.8 MB (0.2 MB streaming, 10.7 MB non-streaming), 5 textures
[2016.11.22-08.23.40:266][795]Cmd: MAP CHECK NOTIFYRESULTS
[2016.11.22-08.23.40:266][795]MapCheck: New page: Printer_Jam - Nov 21, 2016, 6:23:40 PM
[2016.11.22-08.23.40:357][795]MapCheck: Info Map check complete: 0 Error(s), 0 Warning(s), took 90.489ms to complete.
[2016.11.22-08.29.39:963][868]LogSavePackage: Save=1728.01ms
[2016.11.22-08.29.39:963][868]LogSavePackage: Moving '../../../../../../Users/Quinn/Documents/Unreal Projects/Printer_Jam 4.13 (2)/Printer_Jam 4.13/Saved/Printer_Jam_Auto312B8DA04408DE8F69BF89FA147871EA2.tmp' to '../../../../../../Users/Quinn/Documents/Unreal Projects/Printer_Jam 4.13 (2)/Printer_Jam 4.13/Saved/Autosaves/Game/Printer_Jam_Auto3.umap'
[2016.11.22-08.29.39:965][868]LogSavePackage:Display: Finished SavePackage ../../../../../../Users/Quinn/Documents/Unreal Projects/Printer_Jam 4.13 (2)/Printer_Jam 4.13/Saved/Autosaves/Game/Printer_Jam_Auto3.umap
[2016.11.22-08.29.39:970][868]LogFileHelpers: Editor autosave (incl. sublevels) for '/Game/Printer_Jam' took 1.771
[2016.11.22-08.29.39:970][868]LogFileHelpers: Editor autosave (incl. sublevels) for all levels took 1.771
[2016.11.22-08.40.54:830][120]LogSavePackage: Save=1882.98ms
[2016.11.22-08.40.54:830][120]LogSavePackage: Moving '../../../../../../Users/Quinn/Documents/Unreal Projects/Printer_Jam 4.13 (2)/Printer_Jam 4.13/Saved/Printer_JamE17E51504E1DAD641404C99F8128CF71.tmp' to '../../../../../../Users/Quinn/Documents/Unreal Projects/Printer_Jam 4.13 (2)/Printer_Jam 4.13/Content/Printer_Jam.umap'
[2016.11.22-08.40.54:840][120]LogSavePackage:Display: Finished SavePackage ../../../../../../Users/Quinn/Documents/Unreal Projects/Printer_Jam 4.13 (2)/Printer_Jam 4.13/Content/Printer_Jam.umap
[2016.11.22-08.40.54:863][120]LogFileHelpers: Saving map 'Printer_Jam' took 1.988
[2016.11.22-08.40.54:916][120]LogWindowsTextInputMethodSystem:Display: IME system now deactivated.
[2016.11.22-08.40.55:120][121]Cmd: QUIT_EDITOR
[2016.11.22-08.40.55:207][121]LogExit: Preparing to exit.
[2016.11.22-08.40.55:929][121]LogDirectoryWatcher: A directory notification for 'C:/Users/Quinn/Documents/Unreal Projects/Printer_Jam 4.13 (2)/Printer_Jam 4.13/Content/' was aborted.
[2016.11.22-08.40.55:975][121]LogExit: Editor shut down
[2016.11.22-08.40.55:976][121]LogExit: Transaction tracking system shut down
[2016.11.22-08.40.56:084][121]LogObj: Freed 0b from 0 cluster array pools.
[2016.11.22-08.40.56:084][121]LogExit: Object subsystem successfully closed.
[2016.11.22-08.40.56:104][121]LogD3D11RHI: Shutdown
[2016.11.22-08.40.56:104][121]LogD3D11RHI: CleanupD3DDevice
[2016.11.22-08.40.56:298][121]LogD3D11RHI: ~FD3D11DynamicRHI
[2016.11.22-08.40.56:309][121]LogModuleManager: Shutting down and abandoning module HierarchicalLODOutliner (233)
[2016.11.22-08.40.56:309][121]LogModuleManager: Shutting down and abandoning module CrashTracker (232)
[2016.11.22-08.40.56:309][121]LogModuleManager: Shutting down and abandoning module SceneOutliner (231)
[2016.11.22-08.40.56:309][121]LogModuleManager: Shutting down and abandoning module WidgetCarousel (230)
[2016.11.22-08.40.56:309][121]LogModuleManager: Shutting down and abandoning module AddContentDialog (229)
[2016.11.22-08.40.56:309][121]LogDirectoryWatcher: A directory notification for 'C:/Program Files (x86)/Epic Games/4.13/FeaturePacks/' was aborted.
[2016.11.22-08.40.56:310][121]LogModuleManager: Shutting down and abandoning module GameplayTags (228)
[2016.11.22-08.40.56:310][121]LogModuleManager: Shutting down and abandoning module EditorWidgets (227)
[2016.11.22-08.40.56:310][121]LogModuleManager: Shutting down and abandoning module CollectionManager (226)
[2016.11.22-08.40.56:310][121]LogDirectoryWatcher: A directory notification for 'C:/Users/Quinn/Documents/Unreal Projects/Printer_Jam 4.13 (2)/Printer_Jam 4.13/Content/Collections/' was aborted.
[2016.11.22-08.40.56:310][121]LogDirectoryWatcher: A directory notification for 'C:/Users/Quinn/Documents/Unreal Projects/Printer_Jam 4.13 (2)/Printer_Jam 4.13/Content/Developers/Quinn/Collections/' was aborted.
[2016.11.22-08.40.56:310][121]LogDirectoryWatcher: A directory notification for 'C:/Users/Quinn/Documents/Unreal Projects/Printer_Jam 4.13 (2)/Printer_Jam 4.13/Saved/Collections/' was aborted.
[2016.11.22-08.40.56:310][121]LogModuleManager: Shutting down and abandoning module StatsViewer (225)
[2016.11.22-08.40.56:310][121]LogModuleManager: Shutting down and abandoning module FoliageEdit (224)
[2016.11.22-08.40.56:310][121]LogModuleManager: Shutting down and abandoning module LandscapeEditor (223)
[2016.11.22-08.40.56:310][121]LogModuleManager: Shutting down and abandoning module SceneDepthPickerMode (222)
[2016.11.22-08.40.56:310][121]LogModuleManager: Shutting down and abandoning module ActorPickerMode (221)
[2016.11.22-08.40.56:310][121]LogModuleManager: Shutting down and abandoning module GeometryMode (220)
[2016.11.22-08.40.56:310][121]LogModuleManager: Shutting down and abandoning module TextureAlignMode (219)
[2016.11.22-08.40.56:310][121]LogModuleManager: Shutting down and abandoning module BspMode (218)
[2016.11.22-08.40.56:310][121]LogModuleManager: Shutting down and abandoning module HardwareSurvey (217)
[2016.11.22-08.40.56:311][121]LogModuleManager: Shutting down and abandoning module SequenceRecorderSections (216)
[2016.11.22-08.40.56:311][121]LogModuleManager: Shutting down and abandoning module SequenceRecorder (215)
[2016.11.22-08.40.56:311][121]LogModuleManager: Shutting down and abandoning module AutomationWorker (214)
[2016.11.22-08.40.56:311][121]LogModuleManager: Shutting down and abandoning module MatineeToLevelSequence (213)
[2016.11.22-08.40.56:311][121]LogModuleManager: Shutting down and abandoning module PlacementMode (212)
[2016.11.22-08.40.56:311][121]LogModuleManager: Shutting down and abandoning module LevelSequenceEditor (211)
[2016.11.22-08.40.56:311][121]LogModuleManager: Shutting down and abandoning module WmfMediaFactory (210)
[2016.11.22-08.40.56:311][121]LogModuleManager: Shutting down and abandoning module WmfMediaEditor (209)
[2016.11.22-08.40.56:311][121]LogModuleManager: Shutting down and abandoning module AvfMediaFactory (208)
[2016.11.22-08.40.56:311][121]LogModuleManager: Shutting down and abandoning module AvfMediaEditor (207)
[2016.11.22-08.40.56:311][121]LogModuleManager: Shutting down and abandoning module Media (206)
[2016.11.22-08.40.56:311][121]LogModuleManager: Shutting down and abandoning module AndroidMediaFactory (205)
[2016.11.22-08.40.56:311][121]LogModuleManager: Shutting down and abandoning module AndroidMediaEditor (204)
[2016.11.22-08.40.56:311][121]LogModuleManager: Shutting down and abandoning module CharacterAI (203)
[2016.11.22-08.40.56:311][121]LogModuleManager: Shutting down and abandoning module SmartSnapping (202)
[2016.11.22-08.40.56:311][121]LogModuleManager: Shutting down and abandoning module SessionServices (201)
[2016.11.22-08.40.56:311][121]LogModuleManager: Shutting down and abandoning module ViewportSnapping (200)
[2016.11.22-08.40.56:311][121]LogModuleManager: Shutting down and abandoning module ViewportInteraction (199)
[2016.11.22-08.40.56:311][121]LogModuleManager: Shutting down and abandoning module LogVisualizer (198)
[2016.11.22-08.40.56:311][121]LogModuleManager: Shutting down and abandoning module GameProjectGeneration (197)
[2016.11.22-08.40.56:311][121]LogModuleManager: Shutting down and abandoning module IntroTutorials (196)
[2016.11.22-08.40.56:311][121]LogModuleManager: Shutting down and abandoning module EditorLiveStreaming (195)
[2016.11.22-08.40.56:311][121]LogModuleManager: Shutting down and abandoning module IOSPlatformEditor (194)
[2016.11.22-08.40.56:311][121]LogModuleManager: Shutting down and abandoning module HTML5PlatformEditor (193)
[2016.11.22-08.40.56:311][121]LogModuleManager: Shutting down and abandoning module AndroidDeviceDetection (192)
[2016.11.22-08.40.56:676][121]LogModuleManager: Shutting down and abandoning module AndroidPlatformEditor (191)
[2016.11.22-08.40.56:676][121]LogModuleManager: Shutting down and abandoning module IOSRuntimeSettings (190)
[2016.11.22-08.40.56:676][121]LogModuleManager: Shutting down and abandoning module AndroidRuntimeSettings (189)
[2016.11.22-08.40.56:676][121]LogModuleManager: Shutting down and abandoning module NiagaraEditor (188)
[2016.11.22-08.40.56:676][121]LogModuleManager: Shutting down and abandoning module MergeActors (187)
[2016.11.22-08.40.56:676][121]LogModuleManager: Shutting down and abandoning module SizeMap (186)
[2016.11.22-08.40.56:676][121]LogModuleManager: Shutting down and abandoning module TreeMap (185)
[2016.11.22-08.40.56:676][121]LogModuleManager: Shutting down and abandoning module ReferenceViewer (184)
[2016.11.22-08.40.56:676][121]LogModuleManager: Shutting down and abandoning module LocalizationService (183)
[2016.11.22-08.40.56:676][121]LogModuleManager: Shutting down and abandoning module LocalizationDashboard (182)
[2016.11.22-08.40.56:676][121]LogModuleManager: Shutting down and abandoning module HardwareTargeting (181)
[2016.11.22-08.40.56:676][121]LogModuleManager: Shutting down and abandoning module DeviceProfileEditor (180)
[2016.11.22-08.40.56:676][121]LogModuleManager: Shutting down and abandoning module UndoHistory (179)
[2016.11.22-08.40.56:676][121]LogModuleManager: Shutting down and abandoning module UserFeedback (178)
[2016.11.22-08.40.56:676][121]LogModuleManager: Shutting down and abandoning module XmlParser (177)
[2016.11.22-08.40.56:676][121]LogModuleManager: Shutting down and abandoning module Blutility (176)
[2016.11.22-08.40.56:676][121]LogModuleManager: Shutting down and abandoning module ProjectTargetPlatformEditor (175)
[2016.11.22-08.40.56:676][121]LogModuleManager: Shutting down and abandoning module ProjectSettingsViewer (174)
[2016.11.22-08.40.56:676][121]LogModuleManager: Shutting down and abandoning module InputBindingEditor (173)
[2016.11.22-08.40.56:676][121]LogModuleManager: Shutting down and abandoning module EditorSettingsViewer (172)
[2016.11.22-08.40.56:676][121]LogModuleManager: Shutting down and abandoning module SettingsEditor (171)
[2016.11.22-08.40.56:676][121]LogModuleManager: Shutting down and abandoning module ProjectLauncher (170)
[2016.11.22-08.40.56:676][121]LogModuleManager: Shutting down and abandoning module SessionFrontend (169)
[2016.11.22-08.40.56:676][121]LogModuleManager: Shutting down and abandoning module ProfilerClient (168)
[2016.11.22-08.40.56:676][121]LogModuleManager: Shutting down and abandoning module TargetDeviceServices (167)
[2016.11.22-08.40.56:677][121]LogModuleManager: Shutting down and abandoning module DeviceManager (166)
[2016.11.22-08.40.56:719][121]LogModuleManager: Shutting down and abandoning module AutomationController (165)
[2016.11.22-08.40.56:719][121]LogModuleManager: Shutting down and abandoning module AutomationWindow (164)
[2016.11.22-08.40.56:719][121]LogModuleManager: Shutting down and abandoning module Layers (163)
[2016.11.22-08.40.56:719][121]LogModuleManager: Shutting down and abandoning module ComponentVisualizers (162)
[2016.11.22-08.40.56:719][121]LogModuleManager: Shutting down and abandoning module DetailCustomizations (161)
[2016.11.22-08.40.56:719][121]LogModuleManager: Shutting down and abandoning module PackagesDialog (160)
[2016.11.22-08.40.56:719][121]LogModuleManager: Shutting down and abandoning module AnimGraph (159)
[2016.11.22-08.40.56:719][121]LogModuleManager: Shutting down and abandoning module Persona (158)
[2016.11.22-08.40.56:719][121]LogModuleManager: Shutting down and abandoning module Kismet (157)
[2016.11.22-08.40.56:720][121]LogModuleManager: Shutting down and abandoning module GraphEditor (156)
[2016.11.22-08.40.56:720][121]LogModuleManager: Shutting down and abandoning module ClassViewer (155)
[2016.11.22-08.40.56:720][121]LogModuleManager: Shutting down and abandoning module Toolbox (154)
[2016.11.22-08.40.56:720][121]LogModuleManager: Shutting down and abandoning module ModuleUI (153)
[2016.11.22-08.40.56:720][121]LogModuleManager: Shutting down and abandoning module MovieSceneTools (152)
[2016.11.22-08.40.56:720][121]LogModuleManager: Shutting down and abandoning module OutputLog (151)
[2016.11.22-08.40.56:720][121]LogModuleManager: Shutting down and abandoning module GammaUI (150)
[2016.11.22-08.40.56:720][121]LogModuleManager: Shutting down and abandoning module Documentation (149)
[2016.11.22-08.40.56:720][121]LogModuleManager: Shutting down and abandoning module Niagara (148)
[2016.11.22-08.40.56:720][121]LogModuleManager: Shutting down and abandoning module StreamingPauseRendering (147)
[2016.11.22-08.40.56:720][121]LogModuleManager: Shutting down and abandoning module AnalyticsET (146)
[2016.11.22-08.40.56:720][121]LogModuleManager: Shutting down and abandoning module PortalServices (145)
[2016.11.22-08.40.56:720][121]LogModuleManager: Shutting down and abandoning module PortalRpc (144)
[2016.11.22-08.40.56:720][121]LogModuleManager: Shutting down and abandoning module MessagingRpc (143)
[2016.11.22-08.40.56:720][121]LogModuleManager: Shutting down and abandoning module GameplayDebugger (142)
[2016.11.22-08.40.56:720][121]LogModuleManager: Shutting down and abandoning module AITestSuite (141)
[2016.11.22-08.40.56:720][121]LogModuleManager: Shutting down and abandoning module AIModule (140)
[2016.11.22-08.40.56:720][121]LogModuleManager: Shutting down and abandoning module ProfilerService (139)
[2016.11.22-08.40.56:831][121]LogModuleManager: Shutting down and abandoning module TaskGraph (138)
[2016.11.22-08.40.56:831][121]LogModuleManager: Shutting down and abandoning module SlateRemote (137)
[2016.11.22-08.40.56:831][121]LogModuleManager: Shutting down and abandoning module SteamVRController (136)
[2016.11.22-08.40.56:831][121]LogModuleManager: Shutting down and abandoning module SteamVR (135)
[2016.11.22-08.40.56:831][121]LogModuleManager: Shutting down and abandoning module ProceduralMeshComponentEditor (134)
[2016.11.22-08.40.56:831][121]LogModuleManager: Shutting down and abandoning module ProceduralMeshComponent (133)
[2016.11.22-08.40.56:831][121]LogModuleManager: Shutting down and abandoning module OculusLibrary (132)
[2016.11.22-08.40.56:831][121]LogModuleManager: Shutting down and abandoning module OculusInput (131)
[2016.11.22-08.40.56:831][121]LogModuleManager: Shutting down and abandoning module CustomMeshComponent (130)
[2016.11.22-08.40.56:831][121]LogModuleManager: Shutting down and abandoning module CableComponent (129)
[2016.11.22-08.40.56:831][121]LogModuleManager: Shutting down and abandoning module ArchVisCharacter (128)
[2016.11.22-08.40.56:831][121]LogModuleManager: Shutting down and abandoning module MediaPlayerEditor (126)
[2016.11.22-08.40.56:831][121]LogModuleManager: Shutting down and abandoning module HTML5Networking (125)
[2016.11.22-08.40.56:831][121]LogModuleManager: Shutting down and abandoning module GeometryCacheEd (124)
[2016.11.22-08.40.56:831][121]LogModuleManager: Shutting down and abandoning module GeometryCache (123)
[2016.11.22-08.40.56:831][121]LogModuleManager: Shutting down and abandoning module AlembicLibrary (122)
[2016.11.22-08.40.56:831][121]LogModuleManager: Shutting down and abandoning module AlembicImporter (121)
[2016.11.22-08.40.56:831][121]LogModuleManager: Shutting down and abandoning module SuperSearch (120)
[2016.11.22-08.40.56:831][121]LogModuleManager: Shutting down and abandoning module SuperSearchEditor (119)
[2016.11.22-08.40.56:831][121]LogModuleManager: Shutting down and abandoning module SpeedTreeImporter (118)
[2016.11.22-08.40.56:831][121]LogModuleManager: Shutting down and abandoning module PluginBrowser (117)
[2016.11.22-08.40.56:831][121]LogModuleManager: Shutting down and abandoning module MobileLauncherProfileWizard (116)
[2016.11.22-08.40.56:831][121]LogModuleManager: Shutting down and abandoning module EpicSurvey (115)
[2016.11.22-08.40.56:831][121]LogModuleManager: Shutting down and abandoning module DesktopPlatform (114)
[2016.11.22-08.40.56:831][121]LogModuleManager: Shutting down and abandoning module VisualStudioSourceCodeAccess (113)
[2016.11.22-08.40.56:831][121]LogModuleManager: Shutting down and abandoning module UObjectPlugin (112)
[2016.11.22-08.40.56:831][121]LogModuleManager: Shutting down and abandoning module SubversionSourceControl (111)
[2016.11.22-08.40.56:832][121]LogModuleManager: Shutting down and abandoning module PerforceSourceControl (110)
[2016.11.22-08.40.56:832][121]LogModuleManager: Shutting down and abandoning module SourceControl (109)
[2016.11.22-08.40.56:832][121]LogModuleManager: Shutting down and abandoning module GitSourceControl (108)
[2016.11.22-08.40.56:832][121]LogModuleManager: Shutting down and abandoning module LightPropagationVolumeEditor (107)
[2016.11.22-08.40.56:832][121]LogModuleManager: Shutting down and abandoning module PaperTiledImporter (106)
[2016.11.22-08.40.56:832][121]LogModuleManager: Shutting down and abandoning module PaperSpriteSheetImporter (105)
[2016.11.22-08.40.56:832][121]LogModuleManager: Shutting down and abandoning module MeshPaint (104)
[2016.11.22-08.40.56:832][121]LogModuleManager: Shutting down and abandoning module FbxAutomationBuilderModule (103)
[2016.11.22-08.40.56:832][121]LogModuleManager: Shutting down and abandoning module PixelInspectorModule (102)
[2016.11.22-08.40.56:832][121]LogModuleManager: Shutting down and abandoning module HotReload (101)
[2016.11.22-08.40.56:832][121]LogModuleManager: Shutting down and abandoning module MainFrame (100)
[2016.11.22-08.40.56:832][121]LogModuleManager: Shutting down and abandoning module LevelEditor (99)
[2016.11.22-08.40.56:833][121]LogModuleManager: Shutting down and abandoning module ContentBrowser (98)
[2016.11.22-08.40.56:833][121]LogModuleManager: Shutting down and abandoning module Paper2DEditor (97)
[2016.11.22-08.40.56:833][121]LogModuleManager: Shutting down and abandoning module UdpMessaging (96)
[2016.11.22-08.40.56:934][121]LogModuleManager: Shutting down and abandoning module TcpMessaging (95)
[2016.11.22-08.40.57:035][121]LogModuleManager: Shutting down and abandoning module LightPropagationVolumeRuntime (94)
[2016.11.22-08.40.57:035][121]LogModuleManager: Shutting down and abandoning module Paper2D (93)
[2016.11.22-08.40.57:035][121]LogModuleManager: Shutting down and abandoning module WindowsMoviePlayer (92)
[2016.11.22-08.40.57:035][121]LogModuleManager: Shutting down and abandoning module WmfMedia (91)
[2016.11.22-08.40.57:035][121]LogModuleManager: Shutting down and abandoning module MediaAssets (90)
[2016.11.22-08.40.57:035][121]LogModuleManager: Shutting down and abandoning module GameLiveStreaming (89)
[2016.11.22-08.40.57:035][121]LogModuleManager: Shutting down and abandoning module GameplayTagsEditor (88)
[2016.11.22-08.40.57:035][121]LogModuleManager: Shutting down and abandoning module VREditor (87)
[2016.11.22-08.40.57:035][121]LogModuleManager: Shutting down and abandoning module GameplayTasksEditor (86)
[2016.11.22-08.40.57:035][121]LogModuleManager: Shutting down and abandoning module PropertyEditor (85)
[2016.11.22-08.40.57:035][121]LogModuleManager: Shutting down and abandoning module BehaviorTreeEditor (84)
[2016.11.22-08.40.57:035][121]LogModuleManager: Shutting down and abandoning module FunctionalTesting (83)
[2016.11.22-08.40.57:036][121]LogModuleManager: Shutting down and abandoning module CollisionAnalyzer (82)
[2016.11.22-08.40.57:036][121]LogModuleManager: Shutting down and abandoning module Sequencer (81)
[2016.11.22-08.40.57:036][121]LogModuleManager: Shutting down and abandoning module WorkspaceMenuStructure (80)
[2016.11.22-08.40.57:036][121]LogModuleManager: Shutting down and abandoning module MessageLog (79)
[2016.11.22-08.40.57:036][121]LogModuleManager: Shutting down and abandoning module AssetTools (78)
[2016.11.22-08.40.57:036][121]LogModuleManager: Shutting down and abandoning module UMGEditor (77)
[2016.11.22-08.40.57:036][121]LogModuleManager: Shutting down and abandoning module UMG (76)
[2016.11.22-08.40.57:036][121]LogModuleManager: Shutting down and abandoning module SlateReflector (75)
[2016.11.22-08.40.57:036][121]LogModuleManager: Shutting down and abandoning module Slate (74)
[2016.11.22-08.40.57:036][121]LogModuleManager: Shutting down and abandoning module EditorStyle (73)
[2016.11.22-08.40.57:042][121]LogModuleManager: Shutting down and abandoning module SourceCodeAccess (72)
[2016.11.22-08.40.57:042][121]LogModuleManager: Shutting down and abandoning module HeadMountedDisplay (71)
[2016.11.22-08.40.57:043][121]LogModuleManager: Shutting down and abandoning module XAudio2 (70)
[2016.11.22-08.40.57:043][121]LogModuleManager: Shutting down and abandoning module Networking (68)
[2016.11.22-08.40.57:043][121]LogModuleManager: Shutting down and abandoning module Core (67)
[2016.11.22-08.40.57:043][121]LogModuleManager: Shutting down and abandoning module DirectoryWatcher (66)
[2016.11.22-08.40.57:043][121]LogDirectoryWatcher: A directory notification for '../../../Engine/Content/' was aborted.
[2016.11.22-08.40.57:043][121]LogDirectoryWatcher: A directory notification for '../../../../../../Users/Quinn/Documents/Unreal Projects/Printer_Jam 4.13 (2)/Printer_Jam 4.13/Content/' was aborted.
[2016.11.22-08.40.57:043][121]LogDirectoryWatcher: A directory notification for '../../../Engine/Plugins/2D/Paper2D/Content/' was aborted.
[2016.11.22-08.40.57:045][121]LogModuleManager: Shutting down and abandoning module AssetRegistry (65)
[2016.11.22-08.40.57:148][121]LogModuleManager: Shutting down and abandoning module KismetCompiler (64)
[2016.11.22-08.40.57:148][121]LogModuleManager: Shutting down and abandoning module PhysXFormats (63)
[2016.11.22-08.40.57:148][121]LogModuleManager: Shutting down and abandoning module MeshUtilities (62)
[2016.11.22-08.40.57:148][121]LogModuleManager: Shutting down and abandoning module DerivedDataCache (61)
[2016.11.22-08.40.57:225][121]LogDerivedDataCache: Shutdown
[2016.11.22-08.40.57:225][121]LogModuleManager: Shutting down and abandoning module VulkanShaderFormat (60)
[2016.11.22-08.40.57:225][121]LogModuleManager: Shutting down and abandoning module ShaderFormatOpenGL (59)
[2016.11.22-08.40.57:225][121]LogModuleManager: Shutting down and abandoning module ShaderFormatD3D (58)
[2016.11.22-08.40.57:225][121]LogModuleManager: Shutting down and abandoning module MetalShaderFormat (57)
[2016.11.22-08.40.57:225][121]LogModuleManager: Shutting down and abandoning module TextureFormatUncompressed (56)
[2016.11.22-08.40.57:225][121]LogModuleManager: Shutting down and abandoning module TextureFormatPVR (55)
[2016.11.22-08.40.57:225][121]LogModuleManager: Shutting down and abandoning module TextureFormatDXT (54)
[2016.11.22-08.40.57:225][121]LogModuleManager: Shutting down and abandoning module TextureFormatIntelISPCTexComp (53)
[2016.11.22-08.40.57:225][121]LogModuleManager: Shutting down and abandoning module ImageWrapper (52)
[2016.11.22-08.40.57:225][121]LogModuleManager: Shutting down and abandoning module TextureFormatASTC (51)
[2016.11.22-08.40.57:225][121]LogModuleManager: Shutting down and abandoning module TextureFormatAndroid (50)
[2016.11.22-08.40.57:225][121]LogModuleManager: Shutting down and abandoning module AudioFormatOpus (49)
[2016.11.22-08.40.57:225][121]LogModuleManager: Shutting down and abandoning module AudioFormatOgg (48)
[2016.11.22-08.40.57:225][121]LogModuleManager: Shutting down and abandoning module AudioFormatADPCM (47)
[2016.11.22-08.40.57:225][121]LogModuleManager: Shutting down and abandoning module LinuxTargetPlatform (46)
[2016.11.22-08.40.57:225][121]LogModuleManager: Shutting down and abandoning module LinuxServerTargetPlatform (45)
[2016.11.22-08.40.57:225][121]LogModuleManager: Shutting down and abandoning module LinuxNoEditorTargetPlatform (44)
[2016.11.22-08.40.57:225][121]LogModuleManager: Shutting down and abandoning module LinuxClientTargetPlatform (43)
[2016.11.22-08.40.57:225][121]LogModuleManager: Shutting down and abandoning module TVOSTargetPlatform (42)
[2016.11.22-08.40.57:225][121]LogModuleManager: Shutting down and abandoning module Messaging (41)
[2016.11.22-08.40.57:225][121]LogModuleManager: Shutting down and abandoning module IOSTargetPlatform (40)
[2016.11.22-08.40.57:225][121]LogModuleManager: Shutting down and abandoning module HTML5TargetPlatform (39)
[2016.11.22-08.40.57:226][121]LogModuleManager: Shutting down and abandoning module Android_PVRTCTargetPlatform (38)
[2016.11.22-08.40.57:226][121]LogModuleManager: Shutting down and abandoning module Android_MultiTargetPlatform (37)
[2016.11.22-08.40.57:226][121]LogModuleManager: Shutting down and abandoning module Android_ETC2TargetPlatform (36)
[2016.11.22-08.40.57:226][121]LogModuleManager: Shutting down and abandoning module Android_ETC1TargetPlatform (35)
[2016.11.22-08.40.57:226][121]LogModuleManager: Shutting down and abandoning module Android_DXTTargetPlatform (34)
[2016.11.22-08.40.57:226][121]LogModuleManager: Shutting down and abandoning module Android_ATCTargetPlatform (33)
[2016.11.22-08.40.57:226][121]LogModuleManager: Shutting down and abandoning module Android_ASTCTargetPlatform (32)
[2016.11.22-08.40.57:226][121]LogModuleManager: Shutting down and abandoning module AndroidTargetPlatform (31)
[2016.11.22-08.40.57:226][121]LogModuleManager: Shutting down and abandoning module WindowsTargetPlatform (30)
[2016.11.22-08.40.57:226][121]LogModuleManager: Shutting down and abandoning module WindowsServerTargetPlatform (29)
[2016.11.22-08.40.57:226][121]LogModuleManager: Shutting down and abandoning module WindowsNoEditorTargetPlatform (28)
[2016.11.22-08.40.57:226][121]LogModuleManager: Shutting down and abandoning module WindowsClientTargetPlatform (27)
[2016.11.22-08.40.57:226][121]LogModuleManager: Shutting down and abandoning module AllDesktopTargetPlatform (26)
[2016.11.22-08.40.57:226][121]LogModuleManager: Shutting down and abandoning module TargetPlatform (25)
[2016.11.22-08.40.57:226][121]LogModuleManager: Shutting down and abandoning module InputCore (24)
[2016.11.22-08.40.57:226][121]LogModuleManager: Shutting down and abandoning module Settings (23)
[2016.11.22-08.40.57:226][121]LogModuleManager: Shutting down and abandoning module OculusRift (22)
[2016.11.22-08.40.57:226][121]LogModuleManager: Shutting down and abandoning module GearVR (21)
[2016.11.22-08.40.57:226][121]LogModuleManager: Shutting down and abandoning module ExampleDeviceProfileSelector (20)
[2016.11.22-08.40.57:226][121]LogModuleManager: Shutting down and abandoning module OnlineBlueprintSupport (19)
[2016.11.22-08.40.57:226][121]LogModuleManager: Shutting down and abandoning module OnlineSubsystem (17)
[2016.11.22-08.40.57:226][121]LogOnline:Display: Unloading online subsystem: NULL
[2016.11.22-08.40.57:226][121]LogModuleManager: Shutting down and abandoning module HTTP (16)
[2016.11.22-08.40.57:226][121]LogHttp:Display: Http module shutting down, but needs to wait on 1 outstanding Http requests:
[2016.11.22-08.40.57:226][121]LogHttp:Display: 	verb=[POST] url=[https://datarouter.ol.epicgames.com/datarouter/api/v1/public/data?SessionID=%7B5A968301-4DA7-C61D-5467-998088CC4DA1%7D&AppID=UEEditor.Rocket.Release&AppVersion=4.13.2-3172292%2B%2B%2BUE4%2BRelease-4.13&UserID=b564796d498c972c041249966bd1c605%7C53b38d30089e478dbb3bae931843e52e%7C58d1cee9-fd00-45c4-a2c7-f4b804257402&AppEnvironment=datacollector-binary&UploadType=eteventstream] status=Processing
[2016.11.22-08.40.57:253][121]LogModuleManager: Shutting down and abandoning module XMPP (15)
[2016.11.22-08.40.57:253][121]LogModuleManager: Shutting down and abandoning module TextureCompressor (14)
[2016.11.22-08.40.57:253][121]LogModuleManager: Shutting down and abandoning module ShaderCore (13)
[2016.11.22-08.40.57:253][121]LogModuleManager: Shutting down and abandoning module Landscape (12)
[2016.11.22-08.40.57:253][121]LogModuleManager: Shutting down and abandoning module SlateRHIRenderer (11)
[2016.11.22-08.40.57:255][121]LogModuleManager: Shutting down and abandoning module OpenGLDrv (10)
[2016.11.22-08.40.57:255][121]LogModuleManager: Shutting down and abandoning module D3D11RHI (9)
[2016.11.22-08.40.57:255][121]LogModuleManager: Shutting down and abandoning module AnimGraphRuntime (8)
[2016.11.22-08.40.57:256][121]LogModuleManager: Shutting down and abandoning module Renderer (7)
[2016.11.22-08.40.57:256][121]LogModuleManager: Shutting down and abandoning module Engine (6)
[2016.11.22-08.40.57:256][121]LogModuleManager: Shutting down and abandoning module CoreUObject (5)
[2016.11.22-08.40.57:256][121]LogModuleManager: Shutting down and abandoning module NetworkFile (4)
[2016.11.22-08.40.57:256][121]LogModuleManager: Shutting down and abandoning module StreamingFile (3)
[2016.11.22-08.40.57:256][121]LogModuleManager: Shutting down and abandoning module SandboxFile (2)
[2016.11.22-08.40.57:256][121]LogModuleManager: Shutting down and abandoning module PakFile (1)
[2016.11.22-08.40.57:259][121]LogExit: Exiting.
[2016.11.22-08.40.57:295][121]Log file closed, 11/22/16 01:40:57
