Log file open, 11/18/16 16:03:59
LogInit:Display: Running engine for game: Printer_Jam
LogPlatformFile: Not using cached read wrapper
LogInit:Display: RandInit(2074163965) SRandInit(2074163966).
LogTaskGraph: Started task graph with 5 named threads and 8 total threads with 1 sets of task threads.
LogStats: Stats thread started at 0.613497
LogPluginManager: Loaded Plugin Paper2D, From C:/Program Files (x86)/Epic Games/4.13/Engine/Plugins/2D/Paper2D/Paper2D.uplugin
LogPluginManager: Loaded Plugin LightPropagationVolume, From C:/Program Files (x86)/Epic Games/4.13/Engine/Plugins/Blendables/LightPropagationVolume/LightPropagationVolume.uplugin
LogPluginManager: Loaded Plugin BlankPlugin, From C:/Program Files (x86)/Epic Games/4.13/Engine/Plugins/Developer/BlankPlugin/BlankPlugin.uplugin
LogPluginManager: Loaded Plugin CodeLiteSourceCodeAccess, From C:/Program Files (x86)/Epic Games/4.13/Engine/Plugins/Developer/CodeLiteSourceCodeAccess/CodeLiteSourceCodeAccess.uplugin
LogPluginManager: Loaded Plugin GitSourceControl, From C:/Program Files (x86)/Epic Games/4.13/Engine/Plugins/Developer/GitSourceControl/GitSourceControl.uplugin
LogPluginManager: Loaded Plugin KDevelopSourceCodeAccess, From C:/Program Files (x86)/Epic Games/4.13/Engine/Plugins/Developer/KDevelopSourceCodeAccess/KDevelopSourceCodeAccess.uplugin
LogPluginManager: Loaded Plugin NullSourceCodeAccess, From C:/Program Files (x86)/Epic Games/4.13/Engine/Plugins/Developer/NullSourceCodeAccess/NullSourceCodeAccess.uplugin
LogPluginManager: Loaded Plugin OneSkyLocalizationService, From C:/Program Files (x86)/Epic Games/4.13/Engine/Plugins/Developer/OneSkyLocalizationService/OneSkyLocalizationService.uplugin
LogPluginManager: Loaded Plugin PerforceSourceControl, From C:/Program Files (x86)/Epic Games/4.13/Engine/Plugins/Developer/PerforceSourceControl/PerforceSourceControl.uplugin
LogPluginManager: Loaded Plugin SubversionSourceControl, From C:/Program Files (x86)/Epic Games/4.13/Engine/Plugins/Developer/SubversionSourceControl/SubversionSourceControl.uplugin
LogPluginManager: Loaded Plugin UObjectPlugin, From C:/Program Files (x86)/Epic Games/4.13/Engine/Plugins/Developer/UObjectPlugin/UObjectPlugin.uplugin
LogPluginManager: Loaded Plugin VisualStudioSourceCodeAccess, From C:/Program Files (x86)/Epic Games/4.13/Engine/Plugins/Developer/VisualStudioSourceCodeAccess/VisualStudioSourceCodeAccess.uplugin
LogPluginManager: Loaded Plugin XCodeSourceCodeAccess, From C:/Program Files (x86)/Epic Games/4.13/Engine/Plugins/Developer/XCodeSourceCodeAccess/XCodeSourceCodeAccess.uplugin
LogPluginManager: Loaded Plugin EpicSurvey, From C:/Program Files (x86)/Epic Games/4.13/Engine/Plugins/Editor/EpicSurvey/EpicSurvey.uplugin
LogPluginManager: Loaded Plugin MacGraphicsSwitching, From C:/Program Files (x86)/Epic Games/4.13/Engine/Plugins/Editor/MacGraphicsSwitching/MacGraphicsSwitching.uplugin
LogPluginManager: Loaded Plugin MobileLauncherProfileWizard, From C:/Program Files (x86)/Epic Games/4.13/Engine/Plugins/Editor/MobileLauncherProfileWizard/MobileLauncherProfileWizard.uplugin
LogPluginManager: Loaded Plugin PluginBrowser, From C:/Program Files (x86)/Epic Games/4.13/Engine/Plugins/Editor/PluginBrowser/PluginBrowser.uplugin
LogPluginManager: Loaded Plugin SpeedTreeImporter, From C:/Program Files (x86)/Epic Games/4.13/Engine/Plugins/Editor/SpeedTreeImporter/SpeedTreeImporter.uplugin
LogPluginManager: Loaded Plugin SuperSearchEditor, From C:/Program Files (x86)/Epic Games/4.13/Engine/Plugins/Editor/SuperSearchEditor/SuperSearchEditor.uplugin
LogPluginManager: Loaded Plugin AlembicImporter, From C:/Program Files (x86)/Epic Games/4.13/Engine/Plugins/Experimental/AlembicImporter/AlembicImporter.uplugin
LogPluginManager: Loaded Plugin BlueprintStats, From C:/Program Files (x86)/Epic Games/4.13/Engine/Plugins/Experimental/BlueprintStats/BlueprintStats.uplugin
LogPluginManager: Loaded Plugin CharacterAI, From C:/Program Files (x86)/Epic Games/4.13/Engine/Plugins/Experimental/CharacterAI/CharacterAI.uplugin
LogPluginManager: Loaded Plugin CodeEditor, From C:/Program Files (x86)/Epic Games/4.13/Engine/Plugins/Experimental/CodeEditor/CodeEditor.uplugin
LogPluginManager: Loaded Plugin CodeView, From C:/Program Files (x86)/Epic Games/4.13/Engine/Plugins/Experimental/CodeView/CodeView.uplugin
LogPluginManager: Loaded Plugin HTML5Networking, From C:/Program Files (x86)/Epic Games/4.13/Engine/Plugins/Experimental/HTML5Networking/HTML5Networking.uplugin
LogPluginManager: Loaded Plugin LiveEditor, From C:/Program Files (x86)/Epic Games/4.13/Engine/Plugins/Experimental/LiveEditor/LiveEditor.uplugin
LogPluginManager: Loaded Plugin OSVR, From C:/Program Files (x86)/Epic Games/4.13/Engine/Plugins/Experimental/OSVR/OSVR.uplugin
LogPluginManager: Loaded Plugin Phya, From C:/Program Files (x86)/Epic Games/4.13/Engine/Plugins/Experimental/Phya/Phya.uplugin
LogPluginManager: Loaded Plugin SignificanceManager, From C:/Program Files (x86)/Epic Games/4.13/Engine/Plugins/Experimental/SignificanceManager/SignificanceManager.uplugin
LogPluginManager: Loaded Plugin SimpleHMD, From C:/Program Files (x86)/Epic Games/4.13/Engine/Plugins/Experimental/SimpleHMD/SimpleHMD.uplugin
LogPluginManager: Loaded Plugin StereoPanorama, From C:/Program Files (x86)/Epic Games/4.13/Engine/Plugins/Experimental/StereoPanorama/StereoPanorama.uplugin
LogPluginManager: Loaded Plugin StructBox, From C:/Program Files (x86)/Epic Games/4.13/Engine/Plugins/Experimental/StructBox/StructBox.uplugin
LogPluginManager: Loaded Plugin AndroidMedia, From C:/Program Files (x86)/Epic Games/4.13/Engine/Plugins/Media/AndroidMedia/AndroidMedia.uplugin
LogPluginManager: Loaded Plugin AvfMedia, From C:/Program Files (x86)/Epic Games/4.13/Engine/Plugins/Media/AvfMedia/AvfMedia.uplugin
LogPluginManager: Loaded Plugin MediaPlayerEditor, From C:/Program Files (x86)/Epic Games/4.13/Engine/Plugins/Media/MediaPlayerEditor/MediaPlayerEditor.uplugin
LogPluginManager: Loaded Plugin WmfMedia, From C:/Program Files (x86)/Epic Games/4.13/Engine/Plugins/Media/WmfMedia/WmfMedia.uplugin
LogPluginManager: Loaded Plugin MessagingDebugger, From C:/Program Files (x86)/Epic Games/4.13/Engine/Plugins/Messaging/MessagingDebugger/MessagingDebugger.uplugin
LogPluginManager: Loaded Plugin TcpMessaging, From C:/Program Files (x86)/Epic Games/4.13/Engine/Plugins/Messaging/TcpMessaging/TcpMessaging.uplugin
LogPluginManager: Loaded Plugin UdpMessaging, From C:/Program Files (x86)/Epic Games/4.13/Engine/Plugins/Messaging/UdpMessaging/UdpMessaging.uplugin
LogPluginManager: Loaded Plugin LevelSequenceEditor, From C:/Program Files (x86)/Epic Games/4.13/Engine/Plugins/MovieScene/LevelSequenceEditor/LevelSequenceEditor.uplugin
LogPluginManager: Loaded Plugin MatineeToLevelSequence, From C:/Program Files (x86)/Epic Games/4.13/Engine/Plugins/MovieScene/MatineeToLevelSequence/MatineeToLevelSequence.uplugin
LogPluginManager: Loaded Plugin NetcodeUnitTest, From C:/Program Files (x86)/Epic Games/4.13/Engine/Plugins/NetcodeUnitTest/NetcodeUnitTest/NetcodeUnitTest.uplugin
LogPluginManager: Loaded Plugin NUTUnrealEngine4, From C:/Program Files (x86)/Epic Games/4.13/Engine/Plugins/NetcodeUnitTest/NUTUnrealEngine4/NUTUnrealEngine4.uplugin
LogPluginManager: Loaded Plugin OnlineSubsystemGooglePlay, From C:/Program Files (x86)/Epic Games/4.13/Engine/Plugins/Online/Android/OnlineSubsystemGooglePlay/OnlineSubsystemGooglePlay.uplugin
LogPluginManager: Loaded Plugin OnlineSubsystemIOS, From C:/Program Files (x86)/Epic Games/4.13/Engine/Plugins/Online/IOS/OnlineSubsystemIOS/OnlineSubsystemIOS.uplugin
LogPluginManager: Loaded Plugin OnlineFramework, From C:/Program Files (x86)/Epic Games/4.13/Engine/Plugins/Online/OnlineFramework/OnlineFramework.uplugin
LogPluginManager: Loaded Plugin OnlineSubsystem, From C:/Program Files (x86)/Epic Games/4.13/Engine/Plugins/Online/OnlineSubsystem/OnlineSubsystem.uplugin
LogPluginManager: Loaded Plugin OnlineSubsystemAmazon, From C:/Program Files (x86)/Epic Games/4.13/Engine/Plugins/Online/OnlineSubsystemAmazon/OnlineSubsystemAmazon.uplugin
LogPluginManager: Loaded Plugin OnlineSubsystemFacebook, From C:/Program Files (x86)/Epic Games/4.13/Engine/Plugins/Online/OnlineSubsystemFacebook/OnlineSubsystemFacebook.uplugin
LogPluginManager: Loaded Plugin OnlineSubsystemNull, From C:/Program Files (x86)/Epic Games/4.13/Engine/Plugins/Online/OnlineSubsystemNull/OnlineSubsystemNull.uplugin
LogPluginManager: Loaded Plugin OnlineSubsystemOculus, From C:/Program Files (x86)/Epic Games/4.13/Engine/Plugins/Online/OnlineSubsystemOculus/OnlineSubsystemOculus.uplugin
LogPluginManager: Loaded Plugin OnlineSubsystemSteam, From C:/Program Files (x86)/Epic Games/4.13/Engine/Plugins/Online/OnlineSubsystemSteam/OnlineSubsystemSteam.uplugin
LogPluginManager: Loaded Plugin OnlineSubsystemUtils, From C:/Program Files (x86)/Epic Games/4.13/Engine/Plugins/Online/OnlineSubsystemUtils/OnlineSubsystemUtils.uplugin
LogPluginManager: Loaded Plugin IOSTapJoy, From C:/Program Files (x86)/Epic Games/4.13/Engine/Plugins/Runtime/Advertising/IOSTapJoy/IOSTapJoy.uplugin
LogPluginManager: Loaded Plugin AnalyticsBlueprintLibrary, From C:/Program Files (x86)/Epic Games/4.13/Engine/Plugins/Runtime/Analytics/AnalyticsBlueprintLibrary/AnalyticsBlueprintLibrary.uplugin
LogPluginManager: Loaded Plugin AnalyticsMulticast, From C:/Program Files (x86)/Epic Games/4.13/Engine/Plugins/Runtime/Analytics/AnalyticsMulticast/AnalyticsMulticast.uplugin
LogPluginManager: Loaded Plugin Apsalar, From C:/Program Files (x86)/Epic Games/4.13/Engine/Plugins/Runtime/Analytics/Apsalar/Apsalar.uplugin
LogPluginManager: Loaded Plugin FileLogging, From C:/Program Files (x86)/Epic Games/4.13/Engine/Plugins/Runtime/Analytics/FileLogging/FileLogging.uplugin
LogPluginManager: Loaded Plugin Flurry, From C:/Program Files (x86)/Epic Games/4.13/Engine/Plugins/Runtime/Analytics/Flurry/Flurry.uplugin
LogPluginManager: Loaded Plugin AndroidDeviceProfileSelector, From C:/Program Files (x86)/Epic Games/4.13/Engine/Plugins/Runtime/AndroidDeviceProfileSelector/AndroidDeviceProfileSelector.uplugin
LogPluginManager: Loaded Plugin AndroidMoviePlayer, From C:/Program Files (x86)/Epic Games/4.13/Engine/Plugins/Runtime/AndroidMoviePlayer/AndroidMoviePlayer.uplugin
LogPluginManager: Loaded Plugin AppleMoviePlayer, From C:/Program Files (x86)/Epic Games/4.13/Engine/Plugins/Runtime/AppleMoviePlayer/AppleMoviePlayer.uplugin
LogPluginManager: Loaded Plugin ArchVisCharacter, From C:/Program Files (x86)/Epic Games/4.13/Engine/Plugins/Runtime/ArchVisCharacter/ArchVisCharacter.uplugin
LogPluginManager: Loaded Plugin CableComponent, From C:/Program Files (x86)/Epic Games/4.13/Engine/Plugins/Runtime/CableComponent/CableComponent.uplugin
LogPluginManager: Loaded Plugin CustomMeshComponent, From C:/Program Files (x86)/Epic Games/4.13/Engine/Plugins/Runtime/CustomMeshComponent/CustomMeshComponent.uplugin
LogPluginManager: Loaded Plugin ExampleDeviceProfileSelector, From C:/Program Files (x86)/Epic Games/4.13/Engine/Plugins/Runtime/ExampleDeviceProfileSelector/ExampleDeviceProfileSelector.uplugin
LogPluginManager: Loaded Plugin GearVR, From C:/Program Files (x86)/Epic Games/4.13/Engine/Plugins/Runtime/GearVR/GearVR.uplugin
LogPluginManager: Loaded Plugin GoogleVRController, From C:/Program Files (x86)/Epic Games/4.13/Engine/Plugins/Runtime/GoogleVR/GoogleVRController/GoogleVRController.uplugin
LogPluginManager: Loaded Plugin GoogleVRHMD, From C:/Program Files (x86)/Epic Games/4.13/Engine/Plugins/Runtime/GoogleVR/GoogleVRHMD/GoogleVRHMD.uplugin
LogPluginManager: Loaded Plugin IOSDeviceProfileSelector, From C:/Program Files (x86)/Epic Games/4.13/Engine/Plugins/Runtime/IOSDeviceProfileSelector/IOSDeviceProfileSelector.uplugin
LogPluginManager: Loaded Plugin LeapMotion, From C:/Program Files (x86)/Epic Games/4.13/Engine/Plugins/Runtime/LeapMotion/LeapMotion.uplugin
LogPluginManager: Loaded Plugin LinuxDeviceProfileSelector, From C:/Program Files (x86)/Epic Games/4.13/Engine/Plugins/Runtime/LinuxDeviceProfileSelector/LinuxDeviceProfileSelector.uplugin
LogPluginManager: Loaded Plugin LiveEditorListenServer, From C:/Program Files (x86)/Epic Games/4.13/Engine/Plugins/Runtime/LiveEditorListenServer/LiveEditorListenServer.uplugin
LogPluginManager: Loaded Plugin OculusAudio, From C:/Program Files (x86)/Epic Games/4.13/Engine/Plugins/Runtime/OculusAudio/OculusAudio.uplugin
LogPluginManager: Loaded Plugin OculusInput, From C:/Program Files (x86)/Epic Games/4.13/Engine/Plugins/Runtime/OculusInput/OculusInput.uplugin
LogPluginManager: Loaded Plugin OculusLibrary, From C:/Program Files (x86)/Epic Games/4.13/Engine/Plugins/Runtime/OculusLibrary/OculusLibrary.uplugin
LogPluginManager: Loaded Plugin OculusRift, From C:/Program Files (x86)/Epic Games/4.13/Engine/Plugins/Runtime/OculusRift/OculusRift.uplugin
LogPluginManager: Loaded Plugin Oodle, From C:/Program Files (x86)/Epic Games/4.13/Engine/Plugins/Runtime/PacketHandlers/CompressionComponents/Oodle/Oodle.uplugin
LogPluginManager: Loaded Plugin ProceduralMeshComponent, From C:/Program Files (x86)/Epic Games/4.13/Engine/Plugins/Runtime/ProceduralMeshComponent/ProceduralMeshComponent.uplugin
LogPluginManager: Loaded Plugin SoundMod, From C:/Program Files (x86)/Epic Games/4.13/Engine/Plugins/Runtime/SoundMod/SoundMod.uplugin
LogPluginManager: Loaded Plugin SoundVisualizations, From C:/Program Files (x86)/Epic Games/4.13/Engine/Plugins/Runtime/SoundVisualizations/SoundVisualizations.uplugin
LogPluginManager: Loaded Plugin SteamController, From C:/Program Files (x86)/Epic Games/4.13/Engine/Plugins/Runtime/Steam/SteamController/SteamController.uplugin
LogPluginManager: Loaded Plugin SteamVR, From C:/Program Files (x86)/Epic Games/4.13/Engine/Plugins/Runtime/Steam/SteamVR/SteamVR.uplugin
LogPluginManager: Loaded Plugin WebBrowserWidget, From C:/Program Files (x86)/Epic Games/4.13/Engine/Plugins/Runtime/WebBrowserWidget/WebBrowserWidget.uplugin
LogPluginManager: Loaded Plugin WindowsDeviceProfileSelector, From C:/Program Files (x86)/Epic Games/4.13/Engine/Plugins/Runtime/WindowsDeviceProfileSelector/WindowsDeviceProfileSelector.uplugin
LogPluginManager: Loaded Plugin WindowsMoviePlayer, From C:/Program Files (x86)/Epic Games/4.13/Engine/Plugins/Runtime/WindowsMoviePlayer/WindowsMoviePlayer.uplugin
LogPluginManager: Loaded Plugin ScriptPlugin, From C:/Program Files (x86)/Epic Games/4.13/Engine/Plugins/ScriptPlugin/ScriptPlugin.uplugin
LogPluginManager: Loaded Plugin SlateRemote, From C:/Program Files (x86)/Epic Games/4.13/Engine/Plugins/Slate/SlateRemote/SlateRemote.uplugin
LogInit: Using libcurl 7.47.1
LogInit:  - built for x86_64-pc-win32
LogInit:  - supports SSL with WinSSL
LogInit:  - other features:
LogInit:      CURL_VERSION_SSL
LogInit:      CURL_VERSION_IPV6
LogInit:      CURL_VERSION_ASYNCHDNS
LogInit:      CURL_VERSION_LARGEFILE
LogInit:      CURL_VERSION_IDN
LogInit:  CurlRequestOptions (configurable via config and command line):
LogInit:  - bVerifyPeer = false  - Libcurl will NOT verify peer certificate
LogInit:  - bUseHttpProxy = false  - Libcurl will NOT use HTTP proxy
LogInit:  - bDontReuseConnections = false  - Libcurl will reuse connections
LogInit:  - CertBundlePath = nullptr  - Libcurl will use whatever was configured at build time.
LogInit: Build: ++UE4+Release-4.13-CL-3142249
LogInit: Engine Version: 4.13.1-3142249+++UE4+Release-4.13
LogInit: Compatible Engine Version: 4.13.0-3106830+++UE4+Release-4.13
LogInit: Net CL: 3142249
LogDevObjectVersion: Number of dev versions registered: 13
LogDevObjectVersion:   Dev-Blueprints (B0D832E4-1F89-4F0D-ACCF-7EB736FD4AA2): 5
LogDevObjectVersion:   Dev-Build (E1C64328-A22C-4D53-A36C-8E866417BD8C): 0
LogDevObjectVersion:   Dev-Core (375EC13C-06E4-48FB-B500-84F0262A717E): 1
LogDevObjectVersion:   Dev-Editor (E4B068ED-F494-42E9-A231-DA0B2E46BB41): 6
LogDevObjectVersion:   Dev-Framework (CFFC743F-43B0-4480-9391-14DF171D2073): 12
LogDevObjectVersion:   Dev-Mobile (B02B49B5-BB20-44E9-A304-32B752E40360): 0
LogDevObjectVersion:   Dev-Networking (A4E4105C-59A1-49B5-A7C5-40C4547EDFEE): 0
LogDevObjectVersion:   Dev-Online (39C831C9-5AE6-47DC-9A44-9C173E1C8E7C): 0
LogDevObjectVersion:   Dev-Physics (78F01B33-EBEA-4F98-B9B4-84EACCB95AA2): 0
LogDevObjectVersion:   Dev-Platform (6631380F-2D4D-43E0-8009-CF276956A95A): 0
LogDevObjectVersion:   Dev-Rendering (12F88B9F-8875-4AFC-A67C-D90C383ABD29): 4
LogDevObjectVersion:   Dev-Sequencer (7B5AE74C-D270-4C10-A958-57980B212A5A): 0
LogDevObjectVersion:   Dev-VR (D7296918-1DD6-4BDD-9DE2-64A83CC13884): 0
LogInit: Compiled (64-bit): Sep 28 2016 02:12:12
LogInit: Compiled with Visual C++: 19.00.23026.00
LogInit: Build Configuration: Development
LogInit: Branch Name: ++UE4+Release-4.13
LogInit: Command line:  
LogInit: Base directory: C:/Program Files (x86)/Epic Games/4.13/Engine/Binaries/Win64/
LogInit: Installed Engine Build: 1
LogInit: Presizing for max 8388607 objects, including 0 objects not considered by GC, pre-allocating 0 bytes for permanent pool.
LogInit: Object subsystem initialized
[2016.11.18-23.04.00:104][  0]LogInit: Selected Device Profile: [Windows]
[2016.11.18-23.04.00:104][  0]LogInit: Applying CVar settings loaded from the selected device profile: [Windows]
[2016.11.18-23.04.00:131][  0]LogInit: Computer: DESKTOP-3GS8CJP
[2016.11.18-23.04.00:131][  0]LogInit: User: Owen
[2016.11.18-23.04.00:131][  0]LogInit: CPU Page size=65536, Cores=4
[2016.11.18-23.04.00:131][  0]LogInit: High frequency timer resolution =3.117187 MHz
[2016.11.18-23.04.00:131][  0]LogMemory: Memory total: Physical=7.9GB (8GB approx)
[2016.11.18-23.04.00:131][  0]LogMemory: Platform Memory Stats for Windows
[2016.11.18-23.04.00:131][  0]LogMemory: Process Physical Memory: 255.85 MB used, 255.85 MB peak
[2016.11.18-23.04.00:132][  0]LogMemory: Process Virtual Memory: 259.73 MB used, 259.73 MB peak
[2016.11.18-23.04.00:132][  0]LogMemory: Physical Memory: 2992.30 MB used, 8128.58 MB total
[2016.11.18-23.04.00:132][  0]LogMemory: Virtual Memory: 622.08 MB used, 134217728.00 MB total
[2016.11.18-23.04.00:377][  0]LogTextLocalizationManager: No specific translations for ('en-US') exist, so ('en') translations will be used.
[2016.11.18-23.04.02:441][  0]LogD3D11RHI: D3D11 adapters:
[2016.11.18-23.04.02:460][  0]LogD3D11RHI:    0. 'AMD Radeon (TM) R9 390 Series' (Feature Level 11_0)
[2016.11.18-23.04.02:460][  0]LogD3D11RHI:       8169/0/4064 MB DedicatedVideo/DedicatedSystem/SharedSystem, Outputs:2, VendorId:0x1002
[2016.11.18-23.04.02:461][  0]LogD3D11RHI:    1. 'Microsoft Basic Render Driver' (Feature Level 11_0)
[2016.11.18-23.04.02:461][  0]LogD3D11RHI:       0/0/4064 MB DedicatedVideo/DedicatedSystem/SharedSystem, Outputs:0, VendorId:0x1414
[2016.11.18-23.04.02:461][  0]LogD3D11RHI: Chosen D3D11 Adapter: 0
[2016.11.18-23.04.02:464][  0]LogD3D11RHI: Creating new Direct3DDevice
[2016.11.18-23.04.02:464][  0]LogD3D11RHI:     GPU DeviceId: 0x67b1 (for the marketing name, search the web for "GPU Device Id")
[2016.11.18-23.04.02:464][  0]LogWindows: EnumDisplayDevices:
[2016.11.18-23.04.02:464][  0]LogWindows:    0. 'AMD Radeon (TM) R9 390 Series' (P:1 D:1)
[2016.11.18-23.04.02:464][  0]LogWindows:    1. 'AMD Radeon (TM) R9 390 Series' (P:0 D:1)
[2016.11.18-23.04.02:465][  0]LogWindows:    2. 'AMD Radeon (TM) R9 390 Series' (P:0 D:0)
[2016.11.18-23.04.02:465][  0]LogWindows:    3. 'AMD Radeon (TM) R9 390 Series' (P:0 D:0)
[2016.11.18-23.04.02:465][  0]LogWindows:    4. 'AMD Radeon (TM) R9 390 Series' (P:0 D:0)
[2016.11.18-23.04.02:465][  0]LogWindows:    5. 'AMD Radeon (TM) R9 390 Series' (P:0 D:0)
[2016.11.18-23.04.02:465][  0]LogWindows: DebugString: FoundDriverCount:6 
[2016.11.18-23.04.02:465][  0]LogD3D11RHI:     Adapter Name: AMD Radeon (TM) R9 390 Series
[2016.11.18-23.04.02:465][  0]LogD3D11RHI:   Driver Version: Crimson 16.9.2 (internal:21.19.137.1, unified:21.19.137.1)
[2016.11.18-23.04.02:465][  0]LogD3D11RHI:      Driver Date: 9-16-2016
[2016.11.18-23.04.02:465][  0]LogRHI: Texture pool is 1361 MB (70% of 1945 MB)
[2016.11.18-23.04.02:473][  0]LogD3D11RHI: Async texture creation enabled
[2016.11.18-23.04.02:499][  0]LogD3D11RHI: GPU Timing Frequency: 27.000000 (Debug: 2 1)
[2016.11.18-23.04.02:504][  0]LogShaderCompilers: Guid format shader working directory is -61 characters bigger than the processId version (../../../../../../Users/Owen/Google Drive/School/Interactive Machinima/Printer Jam/Teaser/Printer_Jam 4.13/Intermediate/Shaders/WorkingDirectory/5780/).
[2016.11.18-23.04.02:504][  0]LogShaderCompilers: Cleaned the shader compiler working directory 'C:/Users/Owen/AppData/Local/Temp/UnrealShaderWorkingDir/2522E8B948CB55EBD12D418EC85A1903/'.
[2016.11.18-23.04.02:504][  0]LogShaderCompilers:Display: Using Local Shader Compiler.
[2016.11.18-23.04.04:602][  0]LogTemp:Display: Loaded TP AllDesktopTargetPlatform
[2016.11.18-23.04.04:608][  0]LogTemp:Display: Loaded TP WindowsClientTargetPlatform
[2016.11.18-23.04.04:614][  0]LogTemp:Display: Loaded TP WindowsNoEditorTargetPlatform
[2016.11.18-23.04.04:621][  0]LogTemp:Display: Loaded TP WindowsServerTargetPlatform
[2016.11.18-23.04.04:627][  0]LogTemp:Display: Loaded TP WindowsTargetPlatform
[2016.11.18-23.04.04:636][  0]LogTemp:Display: Loaded TP AndroidTargetPlatform
[2016.11.18-23.04.04:642][  0]LogTemp:Display: Loaded TP Android_ASTCTargetPlatform
[2016.11.18-23.04.04:648][  0]LogTemp:Display: Loaded TP Android_ATCTargetPlatform
[2016.11.18-23.04.04:654][  0]LogTemp:Display: Loaded TP Android_DXTTargetPlatform
[2016.11.18-23.04.04:661][  0]LogTemp:Display: Loaded TP Android_ETC1TargetPlatform
[2016.11.18-23.04.04:668][  0]LogTemp:Display: Loaded TP Android_ETC2TargetPlatform
[2016.11.18-23.04.04:680][  0]LogTemp:Display: Loaded TP Android_MultiTargetPlatform
[2016.11.18-23.04.04:680][  0]LogTemp:Display: Loaded TP Android_PVRTCTargetPlatform
[2016.11.18-23.04.04:681][  0]LogTemp:Display: Loaded TP HTML5TargetPlatform
[2016.11.18-23.04.04:725][  0]LogTemp:Display: Loaded TP IOSTargetPlatform
[2016.11.18-23.04.04:730][  0]LogTemp:Display: Loaded TP TVOSTargetPlatform
[2016.11.18-23.04.04:736][  0]LogTemp:Display: Loaded TP LinuxClientTargetPlatform
[2016.11.18-23.04.04:741][  0]LogTemp:Display: Loaded TP LinuxNoEditorTargetPlatform
[2016.11.18-23.04.04:746][  0]LogTemp:Display: Loaded TP LinuxServerTargetPlatform
[2016.11.18-23.04.04:755][  0]LogTemp:Display: Loaded TP LinuxTargetPlatform
[2016.11.18-23.04.04:755][  0]LogTargetPlatformManager:Display: Building Assets For Windows
[2016.11.18-23.04.05:086][  0]LogDerivedDataCache:Display: Max Cache Size: 512 MB
[2016.11.18-23.04.05:415][  0]LogDerivedDataCache: Loaded boot cache 0.33s 62MB C:/Users/Owen/AppData/Local/UnrealEngine/4.13/DerivedDataCache/Boot.ddc.
[2016.11.18-23.04.05:415][  0]LogDerivedDataCache:Display: Loaded Boot cache: C:/Users/Owen/AppData/Local/UnrealEngine/4.13/DerivedDataCache/Boot.ddc
[2016.11.18-23.04.05:415][  0]LogDerivedDataCache: FDerivedDataBackendGraph:  Pak pak cache file ../../../../../../Users/Owen/Google Drive/School/Interactive Machinima/Printer Jam/Teaser/Printer_Jam 4.13/DerivedDataCache/DDC.ddp not found, will not use a pak cache.
[2016.11.18-23.04.05:415][  0]LogDerivedDataCache: Unable to find inner node Pak for hierarchical cache Hierarchy.
[2016.11.18-23.04.05:415][  0]LogDerivedDataCache: FDerivedDataBackendGraph:  CompressedPak pak cache file ../../../../../../Users/Owen/Google Drive/School/Interactive Machinima/Printer Jam/Teaser/Printer_Jam 4.13/DerivedDataCache/Compressed.ddp not found, will not use a pak cache.
[2016.11.18-23.04.05:415][  0]LogDerivedDataCache: Unable to find inner node CompressedPak for hierarchical cache Hierarchy.
[2016.11.18-23.04.05:458][  0]LogDerivedDataCache:Display: Pak cache opened for reading ../../../Engine/DerivedDataCache/Compressed.ddp.
[2016.11.18-23.04.05:471][  0]LogDerivedDataCache: Using Local data cache path C:/Users/Owen/AppData/Local/UnrealEngine/Common/DerivedDataCache: Writable
[2016.11.18-23.04.08:292][  0]LogInit: Selected Device Profile: [Windows]
[2016.11.18-23.04.08:300][  0]LogContentStreaming: Texture pool size is 0.00 MB
[2016.11.18-23.04.08:383][  0]LogMeshUtilities: No automatic mesh reduction module available
[2016.11.18-23.04.08:383][  0]LogMeshUtilities: No automatic mesh merging module available
[2016.11.18-23.04.08:383][  0]LogMeshUtilities: No distributed automatic mesh merging module available
[2016.11.18-23.04.08:591][  0]LogMaterial: Uniform references updated for custom material expression Custom.
[2016.11.18-23.04.08:733][  0]LogLinker:Warning: Can't find file '/Engine/EngineSky/EpicQuadPanorama_CC+EV1'
[2016.11.18-23.04.08:733][  0]LogLinker: Can't find file '/Engine/EngineSky/EpicQuadPanorama_CC+EV1'
[2016.11.18-23.04.09:356][  0]LogNetVersion: GetLocalNetworkVersion: CL: 3106830, ProjectName: printer_jam, ProjectVersion: , EngineNetworkVersion: 1, GameNetworkVersion: 0, NetworkChecksum: 2491815656
[2016.11.18-23.04.09:408][  0]LogAssetRegistry: FAssetRegistry took 0.0246 seconds to start up
[2016.11.18-23.04.09:440][  0]LogPackageLocalizationCache: Processed 3 localized package path(s) for 2 prioritized culture(s) in 0.027377 seconds
[2016.11.18-23.04.09:445][  0]LogUObjectArray: 29779 objects as part of root set at end of initial load.
[2016.11.18-23.04.09:445][  0]LogUObjectAllocator: 6125824 out of 0 bytes used by permanent object pool.
[2016.11.18-23.04.09:445][  0]LogUObjectArray: CloseDisregardForGC: 0/0 objects in disregard for GC pool
[2016.11.18-23.04.09:450][  0]LogInit: WinSock: version 1.1 (2.2), MaxSocks=32767, MaxUdp=65467
[2016.11.18-23.04.09:961][  0]LogSlate: SlateFontCache - WITH_FREETYPE: 1, WITH_HARFBUZZ: 1
[2016.11.18-23.04.09:961][  0]LogSlate: SlateFontCache - WITH_FREETYPE: 1, WITH_HARFBUZZ: 1
[2016.11.18-23.04.12:006][  0]LogTcpMessaging: Initializing TcpMessaging bridge
[2016.11.18-23.04.12:026][  0]LogUdpMessaging: Initializing bridge on interface 0.0.0.0:0 to multicast group 230.0.0.1:6666.
[2016.11.18-23.04.12:626][  0]SourceControl: Info Source control is disabled
[2016.11.18-23.04.12:627][  0]SourceControl: Info Source control is disabled
[2016.11.18-23.04.12:645][  0]SourceControl: Info Source control is disabled
[2016.11.18-23.04.12:656][  0]SourceControl: Info Source control is disabled
[2016.11.18-23.04.13:026][  0]LogEngine: Initializing Engine...
[2016.11.18-23.04.13:026][  0]LogHMD: Failed to initialize OpenVR with code 110
[2016.11.18-23.04.13:291][  0]LogAIModule: Creating AISystem for world Untitled
[2016.11.18-23.04.13:317][  0]LogInit: XAudio2 using 'Realtek HD Audio 2nd output (Realtek High Definition Audio)' : 2 channels at 48 kHz using 32 bits per sample (channel mask 0x3)
[2016.11.18-23.04.13:342][  0]LogInit: FAudioDevice initialized.
[2016.11.18-23.04.13:369][  0]LogDerivedDataCache: Saved boot cache 0.03s 62MB C:/Users/Owen/AppData/Local/UnrealEngine/4.13/DerivedDataCache/Boot.ddc.
[2016.11.18-23.04.13:377][  0]LogInit: Texture streaming: Enabled
[2016.11.18-23.04.13:527][  0]LogInit: Transaction tracking system initialized
[2016.11.18-23.04.13:622][  0]BlueprintLog: New page: Editor Load
[2016.11.18-23.04.13:779][  0]LocalizationService: Info Localization service is disabled
[2016.11.18-23.04.13:881][  0]LogConsoleResponse:Display: 
[2016.11.18-23.04.14:272][  0]LogCook:Display: Max memory allowance for cook 16384mb min free memory 0mb
[2016.11.18-23.04.14:272][  0]LogCook:Display: Mobile HDR setting 1
[2016.11.18-23.04.14:487][  0]LogFileCache: Scanning file cache for directory 'C:/Users/Owen/Google Drive/School/Interactive Machinima/Printer Jam/Teaser/Printer_Jam 4.13/Content/' took 0.02s
[2016.11.18-23.04.14:487][  0]SourceControl: Info Source control is disabled
[2016.11.18-23.04.14:488][  0]Cmd: MAP LOAD FILE="../../../Engine/Content/Maps/Templates/Template_Default.umap" TEMPLATE=1 SHOWPROGRESS=1 FEATURELEVEL=3
[2016.11.18-23.04.14:493][  0]LightingResults: New page: Lighting Build
[2016.11.18-23.04.14:501][  0]MapCheck: New page: Map Check
[2016.11.18-23.04.14:501][  0]LightingResults: New page: Lighting Build
[2016.11.18-23.04.14:798][  0]LogAIModule: Creating AISystem for world Untitled_1
[2016.11.18-23.04.14:956][  0]LogEditorServer: Finished looking for orphan Actors (0.000 secs)
[2016.11.18-23.04.14:961][  0]Cmd: MAP CHECKDEP NOCLEARLOG
[2016.11.18-23.04.14:993][  0]MapCheck: Info Map check complete: 0 Error(s), 0 Warning(s), took 32.52ms to complete.
[2016.11.18-23.04.14:993][  0]LogFileHelpers: Loading map 'Template_Default' took 0.506
[2016.11.18-23.04.15:182][  0]LogCollectionManager: Loaded 0 collections in 0.001317 seconds
[2016.11.18-23.04.15:245][  0]LogFileCache: Scanning file cache for directory 'C:/Users/Owen/Google Drive/School/Interactive Machinima/Printer Jam/Teaser/Printer_Jam 4.13/Saved/Collections/' took 0.01s
[2016.11.18-23.04.15:245][  0]LogFileCache: Scanning file cache for directory 'C:/Users/Owen/Google Drive/School/Interactive Machinima/Printer Jam/Teaser/Printer_Jam 4.13/Content/Developers/Owen/Collections/' took 0.01s
[2016.11.18-23.04.15:245][  0]LogFileCache: Scanning file cache for directory 'C:/Users/Owen/Google Drive/School/Interactive Machinima/Printer Jam/Teaser/Printer_Jam 4.13/Content/Collections/' took 0.01s
[2016.11.18-23.04.15:245][  0]LogCollectionManager: Rebuilt the GUID cache for 0 collections in 0.000002 seconds
[2016.11.18-23.04.15:256][  0]LogContentBrowser: Native class hierarchy populated in 0.0093 seconds. Added 2141 classes and 415 folders.
[2016.11.18-23.04.15:263][  0]LogStats: UGameplayTagsManager::ConstructGameplayTagTree: Construct from data asset -  0.000 s
[2016.11.18-23.04.15:263][  0]LogStats: UGameplayTagsManager::ConstructGameplayTagTree: GameplayTagTreeChangedEvent.Broadcast -  0.000 s
[2016.11.18-23.04.15:263][  0]LogContentBrowser: Native class hierarchy updated for 'GameplayTags' in 0.0005 seconds. Added 12 classes and 0 folders.
[2016.11.18-23.04.15:269][  0]LogContentBrowser: Native class hierarchy updated for 'WidgetCarousel' in 0.0003 seconds. Added 0 classes and 0 folders.
[2016.11.18-23.04.15:567][  0]LogContentBrowser: Native class hierarchy updated for 'AddContentDialog' in 0.0004 seconds. Added 0 classes and 0 folders.
[2016.11.18-23.04.15:583][  0]LogContentBrowser: Native class hierarchy updated for 'SceneOutliner' in 0.0004 seconds. Added 1 classes and 2 folders.
[2016.11.18-23.04.15:638][  0]LogCrashTracker: Crashtracker disabled due to settings.
[2016.11.18-23.04.15:662][  0]LogUObjectGlobals:Warning: Failed to find object 'Class None.'
[2016.11.18-23.04.15:693][  0]LogContentBrowser: Native class hierarchy updated for 'HierarchicalLODOutliner' in 0.0005 seconds. Added 1 classes and 2 folders.
[2016.11.18-23.04.15:693][  0]LogLoad: (Engine Initialization) Total time: 18.17 seconds
[2016.11.18-23.04.15:693][  0]LogLoad: (Engine Initialization) Total Blueprint compile time: 0.10 seconds
[2016.11.18-23.04.15:693][  0]LogExternalProfiler: No external profilers were discovered.  External profiling features will not be available.
[2016.11.18-23.04.16:043][  0]LogOcInput: OculusInput pre-init called
[2016.11.18-23.04.16:066][  0]LogContentStreaming: Texture pool size now 1000 MB
[2016.11.18-23.04.16:287][  0]LogRenderer: Reallocating scene render targets to support 1208x652 (Frame:2).
[2016.11.18-23.04.16:394][  1]LogAssetRegistry: Asset discovery search completed in 7.0088 seconds
[2016.11.18-23.04.16:394][  1]LogCollectionManager: Rebuilt the object cache for 0 collections in 0.000000 seconds (found 0 objects)
[2016.11.18-23.04.16:394][  1]LogCollectionManager: Fixed up redirectors for 0 collections in 0.000476 seconds (updated 0 objects)
[2016.11.18-23.04.18:554][  8]LogWindows:Warning: FWindowsPlatformSurvey::TickSurveyHardware() failed to parse available memory from dxdiag report
[2016.11.18-23.04.18:661][  8]LogSynthBenchmark:Display: FSynthBenchmark (V0.95):  requested WorkScale=5.00
[2016.11.18-23.04.18:661][  8]LogSynthBenchmark:Display: ===============
[2016.11.18-23.04.18:664][  8]LogSynthBenchmark:Display: Main Processor:
[2016.11.18-23.04.18:987][  8]LogSynthBenchmark:Display:          ... 0.042810 s/Run 'RayIntersect'
[2016.11.18-23.04.18:987][  8]LogSynthBenchmark:Display:          ... 0.021609 s/Run 'Fractal'
[2016.11.18-23.04.18:987][  8]LogSynthBenchmark:Display: 
[2016.11.18-23.04.18:987][  8]LogSynthBenchmark:Display:   CompiledTarget_x_Bits: 64
[2016.11.18-23.04.18:987][  8]LogSynthBenchmark:Display:   UE_BUILD_SHIPPING: 0
[2016.11.18-23.04.18:987][  8]LogSynthBenchmark:Display:   UE_BUILD_TEST: 0
[2016.11.18-23.04.18:987][  8]LogSynthBenchmark:Display:   UE_BUILD_DEBUG: 0
[2016.11.18-23.04.18:987][  8]LogSynthBenchmark:Display:   TotalPhysicalGBRam: 8
[2016.11.18-23.04.18:987][  8]LogSynthBenchmark:Display:   NumberOfCores (physical): 4
[2016.11.18-23.04.18:987][  8]LogSynthBenchmark:Display:   NumberOfCores (logical): 4
[2016.11.18-23.04.18:987][  8]LogSynthBenchmark:Display:   CPU Perf Index 0: 59.8 (weight 1.00)
[2016.11.18-23.04.18:987][  8]LogSynthBenchmark:Display:   CPU Perf Index 1: 132.3 (weight 1.50)
[2016.11.18-23.04.18:987][  8]LogSynthBenchmark:Display:  
[2016.11.18-23.04.18:987][  8]LogSynthBenchmark:Display: Graphics:
[2016.11.18-23.04.18:987][  8]LogSynthBenchmark:Display:   Adapter Name: 'AMD Radeon (TM) R9 390 Series'
[2016.11.18-23.04.18:987][  8]LogSynthBenchmark:Display:   (On Optimus the name might be wrong, memory should be ok)
[2016.11.18-23.04.18:987][  8]LogSynthBenchmark:Display:   Vendor Id: 0x1002
[2016.11.18-23.04.18:987][  8]LogSynthBenchmark:Display:   Device Id: 0x67b1
[2016.11.18-23.04.18:987][  8]LogSynthBenchmark:Display:   GPU Memory: 8170/0/4065 MB
[2016.11.18-23.04.19:004][  8]LogSynthBenchmark:Display:   GPU first test: 0.00s
[2016.11.18-23.04.19:004][  8]LogSynthBenchmark:Display:          ... 2.435 GigaPix/s, Confidence=89% 'ALUHeavyNoise' (likely to be very inaccurate)
[2016.11.18-23.04.19:004][  8]LogSynthBenchmark:Display:          ... 2.087 GigaPix/s, Confidence=89% 'TexHeavy' (likely to be very inaccurate)
[2016.11.18-23.04.19:004][  8]LogSynthBenchmark:Display:          ... 1.839 GigaPix/s, Confidence=89% 'DepTexHeavy' (likely to be very inaccurate)
[2016.11.18-23.04.19:004][  8]LogSynthBenchmark:Display:          ... 3.165 GigaPix/s, Confidence=89% 'FillOnly' (likely to be very inaccurate)
[2016.11.18-23.04.19:004][  8]LogSynthBenchmark:Display:          ... 0.644 GigaPix/s, Confidence=100% 'Bandwidth' (likely to be very inaccurate)
[2016.11.18-23.04.19:018][  8]LogSynthBenchmark:Display:   GPU second test: 0.01s
[2016.11.18-23.04.19:018][  8]LogSynthBenchmark:Display:          ... 9.992 GigaPix/s, Confidence=89% 'ALUHeavyNoise' (likely to be inaccurate)
[2016.11.18-23.04.19:018][  8]LogSynthBenchmark:Display:          ... 7.574 GigaPix/s, Confidence=100% 'TexHeavy' (likely to be inaccurate)
[2016.11.18-23.04.19:018][  8]LogSynthBenchmark:Display:          ... 6.823 GigaPix/s, Confidence=100% 'DepTexHeavy' (likely to be inaccurate)
[2016.11.18-23.04.19:018][  8]LogSynthBenchmark:Display:          ... 18.654 GigaPix/s, Confidence=100% 'FillOnly' (likely to be inaccurate)
[2016.11.18-23.04.19:018][  8]LogSynthBenchmark:Display:          ... 1.098 GigaPix/s, Confidence=100% 'Bandwidth' (likely to be inaccurate)
[2016.11.18-23.04.19:494][  8]LogSynthBenchmark:Display:   GPU third test: 0.47s
[2016.11.18-23.04.19:494][  8]LogSynthBenchmark:Display:          ... 14.348 GigaPix/s, Confidence=100% 'ALUHeavyNoise'
[2016.11.18-23.04.19:494][  8]LogSynthBenchmark:Display:          ... 10.082 GigaPix/s, Confidence=100% 'TexHeavy'
[2016.11.18-23.04.19:494][  8]LogSynthBenchmark:Display:          ... 8.996 GigaPix/s, Confidence=100% 'DepTexHeavy'
[2016.11.18-23.04.19:494][  8]LogSynthBenchmark:Display:          ... 43.901 GigaPix/s, Confidence=100% 'FillOnly'
[2016.11.18-23.04.19:494][  8]LogSynthBenchmark:Display:          ... 1.193 GigaPix/s, Confidence=100% 'Bandwidth'
[2016.11.18-23.04.19:494][  8]LogSynthBenchmark:Display: 
[2016.11.18-23.04.19:494][  8]LogSynthBenchmark:Display:   GPU Perf Index 0: 311.8 (weight 1.00)
[2016.11.18-23.04.19:494][  8]LogSynthBenchmark:Display:   GPU Perf Index 1: 135.4 (weight 0.10)
[2016.11.18-23.04.19:494][  8]LogSynthBenchmark:Display:   GPU Perf Index 2: 233.8 (weight 0.10)
[2016.11.18-23.04.19:494][  8]LogSynthBenchmark:Display:   GPU Perf Index 3: 172.4 (weight 3.00)
[2016.11.18-23.04.19:494][  8]LogSynthBenchmark:Display:   GPU Perf Index 4: 111.3 (weight 1.00)
[2016.11.18-23.04.19:494][  8]LogSynthBenchmark:Display:   CPUIndex: 103.3
[2016.11.18-23.04.19:494][  8]LogSynthBenchmark:Display:   GPUIndex: 187.9
[2016.11.18-23.04.19:494][  8]LogSynthBenchmark:Display: 
[2016.11.18-23.04.19:494][  8]LogSynthBenchmark:Display:          ... Total Time: 0.832792 sec
[2016.11.18-23.04.25:604][251]LogLinker:Warning: Can't find file '/Game/Textures/Material_002'
[2016.11.18-23.04.25:604][251]LogLinker:Warning: Can't find file for asset '/Game/Textures/Material_002' while loading ../../../../../../Users/Owen/Google Drive/School/Interactive Machinima/Printer Jam/Teaser/Printer_Jam 4.13/Content/Props/drawers_of_office.uasset.
[2016.11.18-23.04.25:604][251]LoadErrors:Error: Error /Game/Props/drawers_of_office : Can't find file for asset. /Game/Textures/Material_002
[2016.11.18-23.04.25:604][251]LogLinker:Warning: Can't find file '/Game/Textures/Material_003'
[2016.11.18-23.04.25:604][251]LogLinker:Warning: Can't find file for asset '/Game/Textures/Material_003' while loading ../../../../../../Users/Owen/Google Drive/School/Interactive Machinima/Printer Jam/Teaser/Printer_Jam 4.13/Content/Props/drawers_of_office.uasset.
[2016.11.18-23.04.25:605][251]LoadErrors:Error: Error /Game/Props/drawers_of_office : Can't find file for asset. /Game/Textures/Material_003
[2016.11.18-23.04.25:605][251]LogLinker:Warning: Can't find file '/Game/Textures/Material_005'
[2016.11.18-23.04.25:605][251]LogLinker:Warning: Can't find file for asset '/Game/Textures/Material_005' while loading ../../../../../../Users/Owen/Google Drive/School/Interactive Machinima/Printer Jam/Teaser/Printer_Jam 4.13/Content/Props/drawers_of_office.uasset.
[2016.11.18-23.04.25:605][251]LoadErrors:Error: Error /Game/Props/drawers_of_office : Can't find file for asset. /Game/Textures/Material_005
[2016.11.18-23.04.25:605][251]LogLinker:Warning: Can't find file '/Game/Textures/Material_002'
[2016.11.18-23.04.25:605][251]LogLinker:Warning: Can't find file for asset '/Game/Textures/Material_002' while loading ../../../../../../Users/Owen/Google Drive/School/Interactive Machinima/Printer Jam/Teaser/Printer_Jam 4.13/Content/Props/drawers_of_office.uasset.
[2016.11.18-23.04.25:605][251]LogLinker:Warning: Can't find file '/Game/Textures/Material_003'
[2016.11.18-23.04.25:605][251]LogLinker:Warning: Can't find file for asset '/Game/Textures/Material_003' while loading ../../../../../../Users/Owen/Google Drive/School/Interactive Machinima/Printer Jam/Teaser/Printer_Jam 4.13/Content/Props/drawers_of_office.uasset.
[2016.11.18-23.04.25:605][251]LogLinker:Warning: Can't find file '/Game/Textures/Material_005'
[2016.11.18-23.04.25:605][251]LogLinker:Warning: Can't find file for asset '/Game/Textures/Material_005' while loading ../../../../../../Users/Owen/Google Drive/School/Interactive Machinima/Printer Jam/Teaser/Printer_Jam 4.13/Content/Props/drawers_of_office.uasset.
[2016.11.18-23.04.25:656][251]LogLinker:Warning: Can't find file '/Game/Props/lambert2'
[2016.11.18-23.04.25:656][251]LogLinker:Warning: Can't find file for asset '/Game/Props/lambert2' while loading ../../../../../../Users/Owen/Google Drive/School/Interactive Machinima/Printer Jam/Teaser/Printer_Jam 4.13/Content/Props/ScissorsWithUVS.uasset.
[2016.11.18-23.04.25:656][251]LoadErrors:Error: Error /Game/Props/ScissorsWithUVS : Can't find file for asset. /Game/Props/lambert2
[2016.11.18-23.04.25:656][251]LogLinker:Warning: Can't find file '/Game/Props/lambert2'
[2016.11.18-23.04.25:656][251]LogLinker:Warning: Can't find file for asset '/Game/Props/lambert2' while loading ../../../../../../Users/Owen/Google Drive/School/Interactive Machinima/Printer Jam/Teaser/Printer_Jam 4.13/Content/Props/ScissorsWithUVS.uasset.
[2016.11.18-23.04.26:178][251]LogLinker:Warning: Can't find file '/Game/Props/lambert2'
[2016.11.18-23.04.26:178][251]LoadErrors: Info Failed to load /Game/Props/lambert2.lambert2 Referenced by ScissorsWithUVS
[2016.11.18-23.04.26:178][251]LogLinker:Warning: Can't find file for asset '/Game/Props/lambert2' while loading NULL.
[2016.11.18-23.04.26:182][251]LogLinker:Warning: Can't find file '/Game/Textures/Material_002'
[2016.11.18-23.04.26:182][251]LoadErrors: Info Failed to load /Game/Textures/Material_002.Material_002 Referenced by drawers_of_office
[2016.11.18-23.04.26:182][251]LogLinker:Warning: Can't find file for asset '/Game/Textures/Material_002' while loading NULL.
[2016.11.18-23.04.26:182][251]LogLinker:Warning: Can't find file '/Game/Textures/Material_003'
[2016.11.18-23.04.26:183][251]LoadErrors: Info Failed to load /Game/Textures/Material_003.Material_003 Referenced by drawers_of_office
[2016.11.18-23.04.26:183][251]LogLinker:Warning: Can't find file for asset '/Game/Textures/Material_003' while loading NULL.
[2016.11.18-23.04.26:183][251]LogLinker:Warning: Can't find file '/Game/Textures/Material_005'
[2016.11.18-23.04.26:183][251]LoadErrors: Info Failed to load /Game/Textures/Material_005.Material_005 Referenced by drawers_of_office
[2016.11.18-23.04.26:183][251]LogLinker:Warning: Can't find file for asset '/Game/Textures/Material_005' while loading NULL.
[2016.11.18-23.04.26:842][251]LogAIModule: Creating AISystem for world Printer_Jam
[2016.11.18-23.04.26:935][251]Cmd: MAP LOAD FILE="../../../../../../Users/Owen/Google Drive/School/Interactive Machinima/Printer Jam/Teaser/Printer_Jam 4.13/Content/Printer_Jam.umap" TEMPLATE=0 SHOWPROGRESS=1 FEATURELEVEL=3
[2016.11.18-23.04.26:935][251]LightingResults: New page: Lighting Build
[2016.11.18-23.04.26:936][251]LoadErrors: New page: Loading map: Printer_Jam.umap
[2016.11.18-23.04.26:939][251]MapCheck: New page: Map Check
[2016.11.18-23.04.26:939][251]LightingResults: New page: Lighting Build
[2016.11.18-23.04.27:023][251]LogEditorServer: Finished looking for orphan Actors (0.000 secs)
[2016.11.18-23.04.27:046][251]Cmd: MAP CHECKDEP NOCLEARLOG
[2016.11.18-23.04.27:091][251]MapCheck: Info Map check complete: 0 Error(s), 0 Warning(s), took 44.594ms to complete.
[2016.11.18-23.04.27:091][251]LogFileHelpers: Loading map 'Printer_Jam' took 0.160
[2016.11.18-23.05.37:579][426]Cmd: EDCALLBACK SURFPROPS
[2016.11.18-23.05.44:115][173]LogEditorViewport: Clicking on Actor (LMB): BP_Sky_Sphere_C (Sky Sphere3)
[2016.11.18-23.06.03:992][475]LogEditorViewport: Clicking on Actor (LMB): BP_Sky_Sphere_C (Sky Sphere3)
[2016.11.18-23.08.48:708][ 62]Cmd: EDCALLBACK SURFPROPS
[2016.11.18-23.08.49:926][201]Cmd: CAMERA ALIGN ACTIVEVIEWPORTONLY
[2016.11.18-23.08.57:024][ 41]LogEditorViewport: Clicking on Actor (LMB): PointLight (PointLight)
[2016.11.18-23.09.01:700][574]LogEditorViewport: Clicking on Actor (LMB): PointLight (PointLight)
[2016.11.18-23.09.09:256][419]Cmd: DELETE
[2016.11.18-23.09.09:256][419]Cmd: ACTOR DELETE
[2016.11.18-23.09.09:278][419]LogEditorActor: Deleted Actor: Brush
[2016.11.18-23.09.11:508][419]LogEditorActor: Deleted 1 Actors (2.251 secs)
[2016.11.18-23.09.44:165][308]LogEditorViewport: Clicking Background
[2016.11.18-23.09.48:764][827]Cmd: DELETE
[2016.11.18-23.09.48:764][827]Cmd: ACTOR DELETE
[2016.11.18-23.09.48:777][827]LogEditorActor: Deleted Actor: Brush
[2016.11.18-23.09.48:780][827]LogEditorActor: Deleted Actor: Brush
[2016.11.18-23.09.48:783][827]LogEditorActor: Deleted Actor: Brush
[2016.11.18-23.09.48:786][827]LogEditorActor: Deleted Actor: Brush
[2016.11.18-23.09.48:788][827]LogEditorActor: Deleted Actor: Brush
[2016.11.18-23.09.50:741][827]LogEditorActor: Deleted 5 Actors (1.977 secs)
[2016.11.18-23.09.58:132][683]LogEditorViewport: Clicking on Actor (LMB): BP_Sky_Sphere_C (Sky Sphere3)
[2016.11.18-23.12.00:155][ 33]Cmd: BRUSH ADD SELECTNEWBRUSH
[2016.11.18-23.12.09:302][562]Cmd: EDCALLBACK SURFPROPS
[2016.11.18-23.13.17:110][651]LogEditorViewport: Clicking on Actor (context menu): BP_Sky_Sphere_C (Sky Sphere)
[2016.11.18-23.13.52:717][409]Cmd: TRANSACTION UNDO
[2016.11.18-23.13.52:717][409]LogEditorTransaction: Undo Select Brush Surface
[2016.11.18-23.13.53:643][486]Cmd: TRANSACTION UNDO
[2016.11.18-23.13.53:643][486]LogEditorTransaction: Undo Select Surfaces
[2016.11.18-23.13.55:176][615]Cmd: TRANSACTION UNDO
[2016.11.18-23.13.55:176][615]LogEditorTransaction: Undo Select Surfaces
[2016.11.18-23.14.02:413][312]Cmd: EDCALLBACK SURFPROPS
[2016.11.18-23.15.36:228][364]LogEditorViewport: Clicking on Actor (LMB): Brush (Box Brush257)
[2016.11.18-23.15.36:245][364]LogEditorViewport: Clicking on Actor (double click): Brush (Box Brush257)
[2016.11.18-23.15.42:379][ 77]Cmd: EDCALLBACK SURFPROPS
[2016.11.18-23.16.02:824][258]LogEditorViewport: Clicking on Actor (context menu): BP_Sky_Sphere_C (Sky Sphere3)
[2016.11.18-23.16.03:584][342]LogEditorViewport: Clicking on Actor (LMB): BP_Sky_Sphere_C (Sky Sphere3)
[2016.11.18-23.16.04:065][392]LogEditorViewport: Clicking on Actor (LMB): BP_Sky_Sphere_C (Sky Sphere3)
[2016.11.18-23.16.04:076][392]LogEditorViewport: Clicking on Component (LMB): StaticMeshComponent (Sky Sphere mesh)
[2016.11.18-23.16.04:129][394]LogEditorViewport: Clicking on Component (LMB): StaticMeshComponent (Sky Sphere mesh)
[2016.11.18-23.16.48:148][936]LogEditorViewport: Clicking on Actor (LMB): BP_Sky_Sphere_C (Sky Sphere3)
[2016.11.18-23.16.48:165][936]LogEditorViewport: Clicking on Component (LMB): StaticMeshComponent (Sky Sphere mesh)
[2016.11.18-23.16.50:648][223]LogEditorViewport: Clicking on Actor (LMB): BP_Sky_Sphere_C (Sky Sphere3)
[2016.11.18-23.16.50:668][223]LogEditorViewport: Clicking on Component (LMB): StaticMeshComponent (Sky Sphere mesh)
[2016.11.18-23.16.51:567][319]Cmd: EDCALLBACK SURFPROPS
[2016.11.18-23.17.08:006][276]LogEditorViewport: Clicking on Actor (LMB): Brush (Box Brush257)
[2016.11.18-23.17.22:092][716]LogEditorViewport: Clicking on Actor (context menu): BP_Sky_Sphere_C (Sky Sphere3)
[2016.11.18-23.17.22:759][789]LogEditorViewport: Clicking on Actor (LMB): BP_Sky_Sphere_C (Sky Sphere3)
[2016.11.18-23.17.54:058][219]LogEditorViewport: Clicking on Actor (context menu): BP_Sky_Sphere_C (Sky Sphere3)
[2016.11.18-23.17.55:715][391]LogEditorViewport: Clicking on Actor (context menu): BP_Sky_Sphere_C (Sky Sphere3)
[2016.11.18-23.18.17:663][258]LogEditorViewport: Clicking on Actor (LMB): BP_Sky_Sphere_C (Sky Sphere3)
[2016.11.18-23.18.48:268][710]LogEditorViewport: Clicking on Actor (LMB): BP_Sky_Sphere_C (Sky Sphere3)
[2016.11.18-23.18.48:952][788]LogEditorViewport: Clicking on Actor (LMB): BP_Sky_Sphere_C (Sky Sphere3)
[2016.11.18-23.18.51:979][925]LogSavePackage: Save=1677.60ms
[2016.11.18-23.18.51:979][925]LogSavePackage: Moving '../../../../../../Users/Owen/Google Drive/School/Interactive Machinima/Printer Jam/Teaser/Printer_Jam 4.13/Saved/Printer_Jam_Auto1CDE4FA264AD0256A54DE7BB1471E0BB3.tmp' to '../../../../../../Users/Owen/Google Drive/School/Interactive Machinima/Printer Jam/Teaser/Printer_Jam 4.13/Saved/Autosaves/Game/Printer_Jam_Auto1.umap'
[2016.11.18-23.18.51:983][925]LogSavePackage:Display: Finished SavePackage ../../../../../../Users/Owen/Google Drive/School/Interactive Machinima/Printer Jam/Teaser/Printer_Jam 4.13/Saved/Autosaves/Game/Printer_Jam_Auto1.umap
[2016.11.18-23.18.51:989][925]LogFileHelpers: Editor autosave (incl. sublevels) for '/Game/Printer_Jam' took 1.783
[2016.11.18-23.18.51:989][925]LogFileHelpers: Editor autosave (incl. sublevels) for all levels took 1.783
[2016.11.18-23.19.48:896][628]LogEditorViewport: Clicking on Actor (LMB): BP_Sky_Sphere_C (Sky Sphere3)
[2016.11.18-23.20.10:538][232]LogEditorViewport: Clicking on Actor (LMB): BP_Sky_Sphere_C (Sky Sphere3)
[2016.11.18-23.20.11:401][331]LogEditorViewport: Clicking on Actor (LMB): BP_Sky_Sphere_C (Sky Sphere3)
[2016.11.18-23.20.29:522][768]LogEditorViewport: Clicking on Actor (LMB): BP_Sky_Sphere_C (Sky Sphere3)
[2016.11.18-23.20.29:534][768]LogEditorViewport: Clicking on Component (LMB): StaticMeshComponent (Sky Sphere mesh)
[2016.11.18-23.20.29:548][768]LogEditorViewport: Clicking on Component (LMB): StaticMeshComponent (Sky Sphere mesh)
[2016.11.18-23.21.39:554][232]Cmd: MODE GRID=1
[2016.11.18-23.21.39:575][233]Cmd: MODE GRID=0
[2016.11.18-23.21.40:067][291]Cmd: MODE GRID=1
[2016.11.18-23.21.55:230][862]LogEditorViewport: Clicking on Actor (context menu): BP_Sky_Sphere_C (Sky Sphere3)
[2016.11.18-23.22.08:480][172]Cmd: DELETE
[2016.11.18-23.22.08:480][172]Cmd: ACTOR DELETE
[2016.11.18-23.22.08:495][172]LogEditorActor: Deleted Actor: Brush
[2016.11.18-23.22.10:485][172]LogEditorActor: Deleted 1 Actors (2.003 secs)
[2016.11.18-23.22.16:425][831]Cmd: BRUSH ADD SELECTNEWBRUSH
[2016.11.18-23.22.28:000][630]Cmd: EDCALLBACK SURFPROPS
[2016.11.18-23.22.45:069][144]LogEditorViewport: Clicking on Actor (context menu): BP_Sky_Sphere_C (Sky Sphere3)
[2016.11.18-23.23.14:676][172]LogEditorViewport: Clicking on Actor (LMB): BP_Sky_Sphere_C (Sky Sphere)
[2016.11.18-23.23.15:590][277]LogEditorViewport: Clicking on Actor (LMB): BP_Sky_Sphere_C (Sky Sphere)
[2016.11.18-23.24.19:776][497]LogEditorViewport: Clicking on Actor (LMB): BP_Sky_Sphere_C (Sky Sphere3)
[2016.11.18-23.24.21:787][715]Cmd: DELETE
[2016.11.18-23.24.21:787][715]Cmd: ACTOR DELETE
[2016.11.18-23.24.21:801][715]LogEditorActor: Deleted Actor: Brush
[2016.11.18-23.24.23:802][715]LogEditorActor: Deleted 1 Actors (2.014 secs)
[2016.11.18-23.24.25:439][907]LogEditorViewport: Clicking on Actor (context menu): BP_Sky_Sphere_C (Sky Sphere3)
[2016.11.18-23.24.26:402][ 15]LogEditorViewport: Clicking on Actor (LMB): BP_Sky_Sphere_C (Sky Sphere3)
[2016.11.18-23.25.02:825][168]LogEditorViewport: Clicking on Actor (context menu): BP_Sky_Sphere_C (Sky Sphere3)
[2016.11.18-23.25.03:470][238]LogEditorViewport: Clicking on Actor (LMB): BP_Sky_Sphere_C (Sky Sphere3)
[2016.11.18-23.25.26:688][527]LogEditorViewport: Clicking on Actor (context menu): BP_Sky_Sphere_C (Sky Sphere3)
[2016.11.18-23.25.27:610][630]LogEditorViewport: Clicking on Actor (LMB): BP_Sky_Sphere_C (Sky Sphere3)
[2016.11.18-23.25.27:971][671]LogEditorViewport: Clicking on Component (LMB): StaticMeshComponent (Sky Sphere mesh)
[2016.11.18-23.25.28:504][726]Cmd: EDCALLBACK SURFPROPS
[2016.11.18-23.25.29:362][826]LogEditorViewport: Clicking on Actor (context menu): BP_Sky_Sphere_C (Sky Sphere3)
[2016.11.18-23.25.32:223][145]LogEditorViewport: Clicking on Actor (context menu): BP_Sky_Sphere_C (Sky Sphere3)
[2016.11.18-23.25.43:374][979]LogEditorViewport: Clicking on Actor (LMB): BP_Sky_Sphere_C (Sky Sphere3)
[2016.11.18-23.25.48:094][524]LogEditorViewport: Clicking on Actor (context menu): BP_Sky_Sphere_C (Sky Sphere3)
[2016.11.18-23.25.48:350][546]LogEditorViewport: Clicking on Component (context menu): StaticMeshComponent (Sky Sphere mesh)
[2016.11.18-23.25.48:410][546]LogWindows: Windows GetLastError: The operation completed successfully. (0)
[2016.11.18-23.25.49:077][546]LogCrashTracker: 


[2016.11.18-23.25.49:077][546]LogCrashTracker: 


[2016.11.18-23.25.49:077][546]LogWindows:Error: === Critical error: ===
[2016.11.18-23.25.49:077][546]LogWindows:Error: 
[2016.11.18-23.25.49:077][546]LogWindows:Error: Assertion failed: InWorld != nullptr [File:D:\Build\++UE4+Release-4.13+Compile\Sync\Engine\Source\Editor\UnrealEd\Private\EditorBrushBuilder.cpp] [Line: 40] 
[2016.11.18-23.25.49:077][546]LogWindows:Error: 
[2016.11.18-23.25.49:077][546]LogWindows:Error: 
[2016.11.18-23.25.49:077][546]LogWindows:Error: 
[2016.11.18-23.25.49:077][546]LogWindows:Error: KERNELBASE.dll
[2016.11.18-23.25.49:077][546]LogWindows:Error: UE4Editor-Core.dll
[2016.11.18-23.25.49:077][546]LogWindows:Error: UE4Editor-Core.dll
[2016.11.18-23.25.49:077][546]LogWindows:Error: UE4Editor-Core.dll
[2016.11.18-23.25.49:077][546]LogWindows:Error: UE4Editor-UnrealEd.dll
[2016.11.18-23.25.49:077][546]LogWindows:Error: UE4Editor-UnrealEd.dll
[2016.11.18-23.25.49:077][546]LogWindows:Error: UE4Editor-UnrealEd.dll
[2016.11.18-23.25.49:077][546]LogWindows:Error: UE4Editor-CoreUObject.dll
[2016.11.18-23.25.49:077][546]LogWindows:Error: UE4Editor-UnrealEd.dll
[2016.11.18-23.25.49:077][546]LogWindows:Error: UE4Editor-UnrealEd.dll
[2016.11.18-23.25.49:077][546]LogWindows:Error: UE4Editor-UnrealEd.dll
[2016.11.18-23.25.49:077][546]LogWindows:Error: UE4Editor-UnrealEd.dll
[2016.11.18-23.25.49:077][546]LogWindows:Error: UE4Editor-UnrealEd.dll
[2016.11.18-23.25.49:077][546]LogWindows:Error: UE4Editor-UnrealEd.dll
[2016.11.18-23.25.49:077][546]LogWindows:Error: UE4Editor-UnrealEd.dll
[2016.11.18-23.25.49:077][546]LogWindows:Error: UE4Editor-UnrealEd.dll
[2016.11.18-23.25.49:077][546]LogWindows:Error: UE4Editor-LevelEditor.dll
[2016.11.18-23.25.49:077][546]LogWindows:Error: UE4Editor-Slate.dll
[2016.11.18-23.25.49:077][546]LogWindows:Error: UE4Editor-Slate.dll
[2016.11.18-23.25.49:077][546]LogWindows:Error: UE4Editor-Slate.dll
[2016.11.18-23.25.49:077][546]LogWindows:Error: UE4Editor-SlateCore.dll
[2016.11.18-23.25.49:077][546]LogWindows:Error: UE4Editor-SlateCore.dll
[2016.11.18-23.25.49:077][546]LogWindows:Error: UE4Editor-SlateCore.dll
[2016.11.18-23.25.49:077][546]LogWindows:Error: UE4Editor-SlateCore.dll
[2016.11.18-23.25.49:077][546]LogWindows:Error: UE4Editor-SlateCore.dll
[2016.11.18-23.25.49:077][546]LogWindows:Error: UE4Editor-SlateCore.dll
[2016.11.18-23.25.49:077][546]LogWindows:Error: UE4Editor-SlateCore.dll
[2016.11.18-23.25.49:077][546]LogWindows:Error: UE4Editor-SlateCore.dll
[2016.11.18-23.25.49:077][546]LogWindows:Error: UE4Editor-SlateCore.dll
[2016.11.18-23.25.49:077][546]LogWindows:Error: UE4Editor-SlateCore.dll
[2016.11.18-23.25.49:077][546]LogWindows:Error: UE4Editor-SlateCore.dll
[2016.11.18-23.25.49:077][546]LogWindows:Error: UE4Editor-SlateCore.dll
[2016.11.18-23.25.49:078][546]LogWindows:Error: UE4Editor-SlateCore.dll
[2016.11.18-23.25.49:078][546]LogWindows:Error: UE4Editor-SlateCore.dll
[2016.11.18-23.25.49:078][546]LogWindows:Error: UE4Editor-SlateCore.dll
[2016.11.18-23.25.49:078][546]LogWindows:Error: UE4Editor-SlateCore.dll
[2016.11.18-23.25.49:078][546]LogWindows:Error: UE4Editor-SlateCore.dll
[2016.11.18-23.25.49:078][546]LogWindows:Error: UE4Editor-SlateCore.dll
[2016.11.18-23.25.49:078][546]LogWindows:Error: UE4Editor-SlateCore.dll
[2016.11.18-23.25.49:078][546]LogWindows:Error: UE4Editor-SlateCore.dll
[2016.11.18-23.25.49:078][546]LogWindows:Error: UE4Editor-Slate.dll
[2016.11.18-23.25.49:078][546]LogWindows:Error: UE4Editor-SlateCore.dll
[2016.11.18-23.25.49:078][546]LogWindows:Error: UE4Editor-SlateCore.dll
[2016.11.18-23.25.49:078][546]LogWindows:Error: UE4Editor-Slate.dll
[2016.11.18-23.25.49:078][546]LogWindows:Error: UE4Editor-SlateCore.dll
[2016.11.18-23.25.49:078][546]LogWindows:Error: UE4Editor-SlateCore.dll
[2016.11.18-23.25.49:078][546]LogWindows:Error: UE4Editor-SlateCore.dll
[2016.11.18-23.25.49:078][546]LogWindows:Error: UE4Editor-SlateCore.dll
[2016.11.18-23.25.49:078][546]LogWindows:Error: UE4Editor-SlateCore.dll
[2016.11.18-23.25.49:078][546]LogWindows:Error: UE4Editor-SlateCore.dll
[2016.11.18-23.25.49:078][546]LogWindows:Error: UE4Editor-Slate.dll
[2016.11.18-23.25.49:078][546]LogWindows:Error: UE4Editor-Slate.dll
[2016.11.18-23.25.49:078][546]LogWindows:Error: UE4Editor-Slate.dll
[2016.11.18-23.25.49:078][546]LogWindows:Error: UE4Editor-Slate.dll
[2016.11.18-23.25.49:078][546]LogWindows:Error: UE4Editor-Slate.dll
[2016.11.18-23.25.49:078][546]LogWindows:Error: UE4Editor-Slate.dll
[2016.11.18-23.25.49:078][546]LogWindows:Error: UE4Editor.exe
[2016.11.18-23.25.49:078][546]LogWindows:Error: UE4Editor.exe
[2016.11.18-23.25.49:078][546]LogWindows:Error: UE4Editor.exe
[2016.11.18-23.25.49:078][546]LogWindows:Error: UE4Editor.exe
[2016.11.18-23.25.49:078][546]LogWindows:Error: UE4Editor.exe
[2016.11.18-23.25.49:078][546]LogWindows:Error: KERNEL32.DLL
[2016.11.18-23.25.49:078][546]LogWindows:Error: ntdll.dll
[2016.11.18-23.25.49:078][546]LogWindows:Error: ntdll.dll
[2016.11.18-23.25.49:078][546]LogWindows:Error: 
[2016.11.18-23.25.49:100][546]LogExit: Executing StaticShutdownAfterError
[2016.11.18-23.25.49:126][546]LogWindows: FPlatformMisc::RequestExit(1)
[2016.11.18-23.25.49:127][546]Log file closed, 11/18/16 16:25:49
